Log file open, 06/15/19 10:00:13
LogWindows: Failed to load 'aqProf.dll' (GetLastError=126)
LogWindows: File 'aqProf.dll' does not exist
LogWindows: Failed to load 'VtuneApi.dll' (GetLastError=126)
LogWindows: File 'VtuneApi.dll' does not exist
LogWindows: Failed to load 'VtuneApi32e.dll' (GetLastError=126)
LogWindows: File 'VtuneApi32e.dll' does not exist
LogInit: Display: Running engine for game: GFC2Project
LogPlatformFile: Not using cached read wrapper
LogInit: Display: RandInit(1342222522) SRandInit(1342222522).
LogInit: Read version file with build ID '3944462'
LogInit: Overriding engine version to CL 4033788, compatible CL 3944462
LogInit: Registered custom module enumerator with build ID '3944462'
LogTaskGraph: Started task graph with 5 named threads and 23 total threads with 3 sets of task threads.
LogStats: Stats thread started at 0.278638
LogD3D11RHI: Aftermath initialized
LogICUInternationalization: Display: ICU TimeZone Detection - Raw Offset: -5:00, Platform Override: ''
LogModuleManager: Display: Found up-to-date module file ../../../Engine/Plugins/2D/Paper2D/Binaries/Win64/UE4Editor-Paper2D.dll (API version 3944462).
LogModuleManager: Display: Found up-to-date module file ../../../Engine/Plugins/2D/Paper2D/Binaries/Win64/UE4Editor-Paper2DEditor.dll (API version 3944462).
LogModuleManager: Display: Found up-to-date module file ../../../Engine/Plugins/2D/Paper2D/Binaries/Win64/UE4Editor-PaperSpriteSheetImporter.dll (API version 3944462).
LogModuleManager: Display: Found up-to-date module file ../../../Engine/Plugins/2D/Paper2D/Binaries/Win64/UE4Editor-PaperTiledImporter.dll (API version 3944462).
LogModuleManager: Display: Found up-to-date module file ../../../Engine/Plugins/2D/Paper2D/Binaries/Win64/UE4Editor-SmartSnapping.dll (API version 3944462).
LogModuleManager: Display: Found up-to-date module file ../../../Engine/Plugins/Blendables/LightPropagationVolume/Binaries/Win64/UE4Editor-LightPropagationVolumeRuntime.dll (API version 3944462).
LogModuleManager: Display: Found up-to-date module file ../../../Engine/Plugins/Blendables/LightPropagationVolume/Binaries/Win64/UE4Editor-LightPropagationVolumeEditor.dll (API version 3944462).
LogModuleManager: Display: Found up-to-date module file ../../../Engine/Plugins/Developer/CLionSourceCodeAccess/Binaries/Win64/UE4Editor-CLionSourceCodeAccess.dll (API version 3944462).
LogModuleManager: Display: Found up-to-date module file ../../../Engine/Plugins/Developer/GitSourceControl/Binaries/Win64/UE4Editor-GitSourceControl.dll (API version 3944462).
LogModuleManager: Display: Found up-to-date module file ../../../Engine/Plugins/Developer/PerforceSourceControl/Binaries/Win64/UE4Editor-PerforceSourceControl.dll (API version 3944462).
LogModuleManager: Display: Found up-to-date module file ../../../Engine/Plugins/Developer/SubversionSourceControl/Binaries/Win64/UE4Editor-SubversionSourceControl.dll (API version 3944462).
LogModuleManager: Display: Found up-to-date module file ../../../Engine/Plugins/Developer/UObjectPlugin/Binaries/Win64/UE4Editor-UObjectPlugin.dll (API version 3944462).
LogModuleManager: Display: Found up-to-date module file ../../../Engine/Plugins/Developer/VisualStudioCodeSourceCodeAccess/Binaries/Win64/UE4Editor-VisualStudioCodeSourceCodeAccess.dll (API version 3944462).
LogModuleManager: Display: Found up-to-date module file ../../../Engine/Plugins/Developer/VisualStudioSourceCodeAccess/Binaries/Win64/UE4Editor-VisualStudioSourceCodeAccess.dll (API version 3944462).
LogModuleManager: Display: Found up-to-date module file ../../../Engine/Plugins/Editor/AssetManagerEditor/Binaries/Win64/UE4Editor-AssetManagerEditor.dll (API version 3944462).
LogModuleManager: Display: Found up-to-date module file ../../../Engine/Plugins/Editor/CryptoKeys/Binaries/Win64/UE4Editor-CryptoKeys.dll (API version 3944462).
LogModuleManager: Display: Found up-to-date module file ../../../Engine/Plugins/Editor/CryptoKeys/Binaries/Win64/UE4Editor-CryptoKeysOpenSSL.dll (API version 3944462).
LogModuleManager: Display: Found up-to-date module file ../../../Engine/Plugins/Editor/DataValidation/Binaries/Win64/UE4Editor-DataValidation.dll (API version 3944462).
LogModuleManager: Display: Found up-to-date module file ../../../Engine/Plugins/Editor/FacialAnimation/Binaries/Win64/UE4Editor-FacialAnimation.dll (API version 3944462).
LogModuleManager: Display: Found up-to-date module file ../../../Engine/Plugins/Editor/FacialAnimation/Binaries/Win64/UE4Editor-FacialAnimationEditor.dll (API version 3944462).
LogModuleManager: Display: Found up-to-date module file ../../../Engine/Plugins/Editor/GameplayTagsEditor/Binaries/Win64/UE4Editor-GameplayTagsEditor.dll (API version 3944462).
LogModuleManager: Display: Found up-to-date module file ../../../Engine/Plugins/Editor/MobileLauncherProfileWizard/Binaries/Win64/UE4Editor-MobileLauncherProfileWizard.dll (API version 3944462).
LogModuleManager: Display: Found up-to-date module file ../../../Engine/Plugins/Editor/PluginBrowser/Binaries/Win64/UE4Editor-PluginBrowser.dll (API version 3944462).
LogModuleManager: Display: Found up-to-date module file ../../../Engine/Plugins/Editor/SpeedTreeImporter/Binaries/Win64/UE4Editor-SpeedTreeImporter.dll (API version 3944462).
LogModuleManager: Display: Found up-to-date module file ../../../Engine/Plugins/Enterprise/DatasmithContent/Binaries/Win64/UE4Editor-DatasmithContent.dll (API version 3944462).
LogModuleManager: Display: Found up-to-date module file ../../../Engine/Plugins/Experimental/AlembicImporter/Binaries/Win64/UE4Editor-AlembicImporter.dll (API version 3944462).
LogModuleManager: Display: Found up-to-date module file ../../../Engine/Plugins/Experimental/AlembicImporter/Binaries/Win64/UE4Editor-AlembicLibrary.dll (API version 3944462).
LogModuleManager: Display: Found up-to-date module file ../../../Engine/Plugins/Experimental/CharacterAI/Binaries/Win64/UE4Editor-CharacterAI.dll (API version 3944462).
LogModuleManager: Display: Found up-to-date module file ../../../Engine/Plugins/Experimental/HTML5Networking/Binaries/Win64/UE4Editor-HTML5Networking.dll (API version 3944462).
LogModuleManager: Display: Found up-to-date module file ../../../Engine/Plugins/Media/AndroidMedia/Binaries/Win64/UE4Editor-AndroidMediaEditor.dll (API version 3944462).
LogModuleManager: Display: Found up-to-date module file ../../../Engine/Plugins/Media/AndroidMedia/Binaries/Win64/UE4Editor-AndroidMediaFactory.dll (API version 3944462).
LogModuleManager: Display: Found up-to-date module file ../../../Engine/Plugins/Media/AvfMedia/Binaries/Win64/UE4Editor-AvfMediaEditor.dll (API version 3944462).
LogModuleManager: Display: Found up-to-date module file ../../../Engine/Plugins/Media/AvfMedia/Binaries/Win64/UE4Editor-AvfMediaFactory.dll (API version 3944462).
LogModuleManager: Display: Found up-to-date module file ../../../Engine/Plugins/Media/AvfMedia/Binaries/Win64/UE4Editor-AvfMediaFactory.dll (API version 3944462).
LogModuleManager: Display: Found up-to-date module file ../../../Engine/Plugins/Media/ImgMedia/Binaries/Win64/UE4Editor-ImgMedia.dll (API version 3944462).
LogModuleManager: Display: Found up-to-date module file ../../../Engine/Plugins/Media/ImgMedia/Binaries/Win64/UE4Editor-ImgMediaEditor.dll (API version 3944462).
LogModuleManager: Display: Found up-to-date module file ../../../Engine/Plugins/Media/ImgMedia/Binaries/Win64/UE4Editor-ImgMediaFactory.dll (API version 3944462).
LogModuleManager: Display: Found up-to-date module file ../../../Engine/Plugins/Media/ImgMedia/Binaries/Win64/UE4Editor-ImgMediaFactory.dll (API version 3944462).
LogModuleManager: Display: Found up-to-date module file ../../../Engine/Plugins/Media/ImgMedia/Binaries/Win64/UE4Editor-OpenExrWrapper.dll (API version 3944462).
LogModuleManager: Display: Found up-to-date module file ../../../Engine/Plugins/Media/LinearTimecode/Binaries/Win64/UE4Editor-LinearTimecode.dll (API version 3944462).
LogModuleManager: Display: Found up-to-date module file ../../../Engine/Plugins/Media/MediaCompositing/Binaries/Win64/UE4Editor-MediaCompositing.dll (API version 3944462).
LogModuleManager: Display: Found up-to-date module file ../../../Engine/Plugins/Media/MediaCompositing/Binaries/Win64/UE4Editor-MediaCompositingEditor.dll (API version 3944462).
LogModuleManager: Display: Found up-to-date module file ../../../Engine/Plugins/Media/MediaPlayerEditor/Binaries/Win64/UE4Editor-MediaPlayerEditor.dll (API version 3944462).
LogModuleManager: Display: Found up-to-date module file ../../../Engine/Plugins/Media/WmfMedia/Binaries/Win64/UE4Editor-WmfMedia.dll (API version 3944462).
LogModuleManager: Display: Found up-to-date module file ../../../Engine/Plugins/Media/WmfMedia/Binaries/Win64/UE4Editor-WmfMediaEditor.dll (API version 3944462).
LogModuleManager: Display: Found up-to-date module file ../../../Engine/Plugins/Media/WmfMedia/Binaries/Win64/UE4Editor-WmfMediaFactory.dll (API version 3944462).
LogModuleManager: Display: Found up-to-date module file ../../../Engine/Plugins/Media/WmfMedia/Binaries/Win64/UE4Editor-WmfMediaFactory.dll (API version 3944462).
LogModuleManager: Display: Found up-to-date module file ../../../Engine/Plugins/Messaging/TcpMessaging/Binaries/Win64/UE4Editor-TcpMessaging.dll (API version 3944462).
LogModuleManager: Display: Found up-to-date module file ../../../Engine/Plugins/Messaging/UdpMessaging/Binaries/Win64/UE4Editor-UdpMessaging.dll (API version 3944462).
LogModuleManager: Display: Found up-to-date module file ../../../Engine/Plugins/MovieScene/ActorSequence/Binaries/Win64/UE4Editor-ActorSequence.dll (API version 3944462).
LogModuleManager: Display: Found up-to-date module file ../../../Engine/Plugins/MovieScene/LevelSequenceEditor/Binaries/Win64/UE4Editor-LevelSequenceEditor.dll (API version 3944462).
LogModuleManager: Display: Found up-to-date module file ../../../Engine/Plugins/MovieScene/MatineeToLevelSequence/Binaries/Win64/UE4Editor-MatineeToLevelSequence.dll (API version 3944462).
LogModuleManager: Display: Found up-to-date module file ../../../Engine/Plugins/NetcodeUnitTest/NetcodeUnitTest/Binaries/Win64/UE4Editor-NetcodeUnitTest.dll (API version 3944462).
LogModuleManager: Display: Found up-to-date module file ../../../Engine/Plugins/NetcodeUnitTest/NUTUnrealEngine4/Binaries/Win64/UE4Editor-NUTUnrealEngine4.dll (API version 3944462).
LogModuleManager: Display: Found up-to-date module file ../../../Engine/Plugins/Online/OnlineSubsystem/Binaries/Win64/UE4Editor-OnlineSubsystem.dll (API version 3944462).
LogModuleManager: Display: Found up-to-date module file ../../../Engine/Plugins/Runtime/AndroidPermission/Binaries/Win64/UE4Editor-AndroidPermission.dll (API version 3944462).
LogModuleManager: Display: Found up-to-date module file ../../../Engine/Plugins/Online/OnlineSubsystemNull/Binaries/Win64/UE4Editor-OnlineSubsystemNull.dll (API version 3944462).
LogModuleManager: Display: Found up-to-date module file ../../../Engine/Plugins/Online/OnlineSubsystemUtils/Binaries/Win64/UE4Editor-OnlineSubsystemUtils.dll (API version 3944462).
LogModuleManager: Display: Found up-to-date module file ../../../Engine/Plugins/Online/OnlineSubsystemUtils/Binaries/Win64/UE4Editor-OnlineBlueprintSupport.dll (API version 3944462).
LogModuleManager: Display: Found up-to-date module file ../../../Engine/Plugins/Runtime/AndroidDeviceProfileSelector/Binaries/Win64/UE4Editor-AndroidDeviceProfileSelector.dll (API version 3944462).
LogModuleManager: Display: Found up-to-date module file ../../../Engine/Plugins/Runtime/AppleARKit/Binaries/Win64/UE4Editor-AppleARKit.dll (API version 3944462).
LogModuleManager: Display: Found up-to-date module file ../../../Engine/Plugins/Runtime/ProceduralMeshComponent/Binaries/Win64/UE4Editor-ProceduralMeshComponent.dll (API version 3944462).
LogModuleManager: Display: Found up-to-date module file ../../../Engine/Plugins/Runtime/ProceduralMeshComponent/Binaries/Win64/UE4Editor-ProceduralMeshComponentEditor.dll (API version 3944462).
LogModuleManager: Display: Found up-to-date module file ../../../Engine/Plugins/Animation/LiveLink/Binaries/Win64/UE4Editor-LiveLink.dll (API version 3944462).
LogModuleManager: Display: Found up-to-date module file ../../../Engine/Plugins/Animation/LiveLink/Binaries/Win64/UE4Editor-LiveLinkEditor.dll (API version 3944462).
LogModuleManager: Display: Found up-to-date module file ../../../Engine/Plugins/Runtime/ArchVisCharacter/Binaries/Win64/UE4Editor-ArchVisCharacter.dll (API version 3944462).
LogModuleManager: Display: Found up-to-date module file ../../../Engine/Plugins/Runtime/AudioCapture/Binaries/Win64/UE4Editor-AudioCapture.dll (API version 3944462).
LogModuleManager: Display: Found up-to-date module file ../../../Engine/Plugins/Runtime/AudioCapture/Binaries/Win64/UE4Editor-AudioCaptureEditor.dll (API version 3944462).
LogModuleManager: Display: Found up-to-date module file ../../../Engine/Plugins/Runtime/CableComponent/Binaries/Win64/UE4Editor-CableComponent.dll (API version 3944462).
LogModuleManager: Display: Found up-to-date module file ../../../Engine/Plugins/Runtime/CustomMeshComponent/Binaries/Win64/UE4Editor-CustomMeshComponent.dll (API version 3944462).
LogModuleManager: Display: Found up-to-date module file ../../../Engine/Plugins/Runtime/ExampleDeviceProfileSelector/Binaries/Win64/UE4Editor-ExampleDeviceProfileSelector.dll (API version 3944462).
LogModuleManager: Display: Found up-to-date module file ../../../Engine/Plugins/Runtime/ImmediatePhysics/Binaries/Win64/UE4Editor-ImmediatePhysics.dll (API version 3944462).
LogModuleManager: Display: Found up-to-date module file ../../../Engine/Plugins/Runtime/ImmediatePhysics/Binaries/Win64/UE4Editor-ImmediatePhysicsEditor.dll (API version 3944462).
LogModuleManager: Display: Found up-to-date module file ../../../Engine/Plugins/Runtime/LocationServicesBPLibrary/Binaries/Win64/UE4Editor-LocationServicesBPLibrary.dll (API version 3944462).
LogModuleManager: Display: Found up-to-date module file ../../../Engine/Plugins/Runtime/MobilePatchingUtils/Binaries/Win64/UE4Editor-MobilePatchingUtils.dll (API version 3944462).
LogModuleManager: Display: Found up-to-date module file ../../../Engine/Plugins/Runtime/Oculus/OculusVR/Binaries/Win64/UE4Editor-OculusHMD.dll (API version 3944462).
LogModuleManager: Display: Found up-to-date module file ../../../Engine/Plugins/Runtime/Oculus/OculusVR/Binaries/Win64/UE4Editor-OculusInput.dll (API version 3944462).
LogModuleManager: Display: Found up-to-date module file ../../../Engine/Plugins/Runtime/Oculus/OculusVR/Binaries/Win64/UE4Editor-OculusEditor.dll (API version 3944462).
LogModuleManager: Display: Found up-to-date module file ../../../Engine/Plugins/Runtime/PhysXVehicles/Binaries/Win64/UE4Editor-PhysXVehicles.dll (API version 3944462).
LogModuleManager: Display: Found up-to-date module file ../../../Engine/Plugins/Runtime/PhysXVehicles/Binaries/Win64/UE4Editor-PhysXVehiclesEditor.dll (API version 3944462).
LogModuleManager: Display: Found up-to-date module file ../../../Engine/Plugins/Runtime/RuntimePhysXCooking/Binaries/Win64/UE4Editor-RuntimePhysXCooking.dll (API version 3944462).
LogModuleManager: Display: Found up-to-date module file ../../../Engine/Plugins/Runtime/Steam/SteamVR/Binaries/Win64/UE4Editor-SteamVR.dll (API version 3944462).
LogModuleManager: Display: Found up-to-date module file ../../../Engine/Plugins/Runtime/Steam/SteamVR/Binaries/Win64/UE4Editor-SteamVRController.dll (API version 3944462).
LogModuleManager: Display: Found up-to-date module file ../../../Engine/Plugins/Runtime/WindowsMoviePlayer/Binaries/Win64/UE4Editor-WindowsMoviePlayer.dll (API version 3944462).
LogPluginManager: Mounting plugin Paper2D
LogPluginManager: Mounting plugin LiveLink
LogPluginManager: Mounting plugin LightPropagationVolume
LogPluginManager: Mounting plugin CLionSourceCodeAccess
LogPluginManager: Mounting plugin CodeLiteSourceCodeAccess
LogPluginManager: Mounting plugin GitSourceControl
LogPluginManager: Mounting plugin KDevelopSourceCodeAccess
LogPluginManager: Mounting plugin NullSourceCodeAccess
LogPluginManager: Mounting plugin PerforceSourceControl
LogPluginManager: Mounting plugin SubversionSourceControl
LogPluginManager: Mounting plugin UObjectPlugin
LogPluginManager: Mounting plugin VisualStudioCodeSourceCodeAccess
LogPluginManager: Mounting plugin VisualStudioSourceCodeAccess
LogPluginManager: Mounting plugin XCodeSourceCodeAccess
LogPluginManager: Mounting plugin AssetManagerEditor
LogPluginManager: Mounting plugin CryptoKeys
LogPluginManager: Mounting plugin DataValidation
LogPluginManager: Mounting plugin FacialAnimation
LogPluginManager: Mounting plugin GameplayTagsEditor
LogPluginManager: Mounting plugin MobileLauncherProfileWizard
LogPluginManager: Mounting plugin PluginBrowser
LogPluginManager: Mounting plugin SpeedTreeImporter
LogPluginManager: Mounting plugin DatasmithContent
LogPluginManager: Mounting plugin AlembicImporter
LogPluginManager: Mounting plugin CharacterAI
LogPluginManager: Mounting plugin HTML5Networking
LogPluginManager: Mounting plugin AndroidMedia
LogPluginManager: Mounting plugin AvfMedia
LogPluginManager: Mounting plugin ImgMedia
LogPluginManager: Mounting plugin LinearTimecode
LogPluginManager: Mounting plugin MediaCompositing
LogPluginManager: Mounting plugin MediaPlayerEditor
LogPluginManager: Mounting plugin WmfMedia
LogPluginManager: Mounting plugin TcpMessaging
LogPluginManager: Mounting plugin UdpMessaging
LogPluginManager: Mounting plugin ActorSequence
LogPluginManager: Mounting plugin LevelSequenceEditor
LogPluginManager: Mounting plugin MatineeToLevelSequence
LogPluginManager: Mounting plugin NetcodeUnitTest
LogPluginManager: Mounting plugin NUTUnrealEngine4
LogPluginManager: Mounting plugin OnlineSubsystemGooglePlay
LogPluginManager: Mounting plugin OnlineSubsystemIOS
LogPluginManager: Mounting plugin OnlineSubsystem
LogPluginManager: Mounting plugin OnlineSubsystemNull
LogPluginManager: Mounting plugin OnlineSubsystemUtils
LogPluginManager: Mounting plugin AndroidDeviceProfileSelector
LogPluginManager: Mounting plugin AndroidMoviePlayer
LogPluginManager: Mounting plugin AndroidPermission
LogPluginManager: Mounting plugin AppleARKit
LogPluginManager: Mounting plugin AppleMoviePlayer
LogPluginManager: Mounting plugin ArchVisCharacter
LogPluginManager: Mounting plugin AudioCapture
LogPluginManager: Mounting plugin CableComponent
LogPluginManager: Mounting plugin CustomMeshComponent
LogPluginManager: Mounting plugin ExampleDeviceProfileSelector
LogPluginManager: Mounting plugin GoogleCloudMessaging
LogPluginManager: Mounting plugin ImmediatePhysics
LogPluginManager: Mounting plugin IOSDeviceProfileSelector
LogPluginManager: Mounting plugin LinuxDeviceProfileSelector
LogPluginManager: Mounting plugin LocationServicesBPLibrary
LogPluginManager: Mounting plugin MobilePatchingUtils
LogPluginManager: Mounting plugin OculusVR
LogPluginManager: Plugin shader directory ../../../Engine/Plugins/Runtime/Oculus/OculusVR/Shaders found
LogPluginManager: Mapping shader source directory ../../../Engine/Plugins/Runtime/Oculus/OculusVR/Shaders to virtual directory /Plugin/OculusVR
LogPluginManager: Mounting plugin PhysXVehicles
LogPluginManager: Mounting plugin ProceduralMeshComponent
LogPluginManager: Mounting plugin RuntimePhysXCooking
LogPluginManager: Mounting plugin SteamVR
LogPluginManager: Mounting plugin WindowsMoviePlayer
LogStreaming: Display: Took  0.881s to configure plugins.
LogInit: Using libcurl 7.47.1
LogInit:  - built for x86_64-pc-win32
LogInit:  - supports SSL with OpenSSL/1.0.2g
LogInit:  - supports HTTP deflate (compression) using libz 1.2.8
LogInit:  - other features:
LogInit:      CURL_VERSION_SSL
LogInit:      CURL_VERSION_LIBZ
LogInit:      CURL_VERSION_IPV6
LogInit:      CURL_VERSION_ASYNCHDNS
LogInit:      CURL_VERSION_LARGEFILE
LogInit:      CURL_VERSION_IDN
LogInit:  CurlRequestOptions (configurable via config and command line):
LogInit:  - bVerifyPeer = false  - Libcurl will NOT verify peer certificate
LogInit:  - bUseHttpProxy = false  - Libcurl will NOT use HTTP proxy
LogInit:  - bDontReuseConnections = false  - Libcurl will reuse connections
LogInit:  - CertBundlePath = nullptr  - Libcurl will use whatever was configured at build time.
LogInit:  - MaxHostConnections = 16  - Libcurl will limit the number of connections to a host
LogInit:  - LocalHostAddr = Default
LogInit: WinSock: version 1.1 (2.2), MaxSocks=32767, MaxUdp=65467
LogInit: WinSock: I am DESKTOP-4BGP68M (149.31.140.210:0)
LogInit: Build: ++UE4+Release-4.19-CL-4033788
LogInit: Engine Version: 4.19.2-4033788+++UE4+Release-4.19
LogInit: Compatible Engine Version: 4.19.0-3944462+++UE4+Release-4.19
LogInit: Net CL: 3944462
LogDevObjectVersion: Number of dev versions registered: 18
LogDevObjectVersion:   Dev-Blueprints (B0D832E4-1F89-4F0D-ACCF-7EB736FD4AA2): 10
LogDevObjectVersion:   Dev-Build (E1C64328-A22C-4D53-A36C-8E866417BD8C): 0
LogDevObjectVersion:   Dev-Core (375EC13C-06E4-48FB-B500-84F0262A717E): 2
LogDevObjectVersion:   Dev-Editor (E4B068ED-F494-42E9-A231-DA0B2E46BB41): 23
LogDevObjectVersion:   Dev-Framework (CFFC743F-43B0-4480-9391-14DF171D2073): 33
LogDevObjectVersion:   Dev-Mobile (B02B49B5-BB20-44E9-A304-32B752E40360): 2
LogDevObjectVersion:   Dev-Networking (A4E4105C-59A1-49B5-A7C5-40C4547EDFEE): 0
LogDevObjectVersion:   Dev-Online (39C831C9-5AE6-47DC-9A44-9C173E1C8E7C): 0
LogDevObjectVersion:   Dev-Physics (78F01B33-EBEA-4F98-B9B4-84EACCB95AA2): 0
LogDevObjectVersion:   Dev-Platform (6631380F-2D4D-43E0-8009-CF276956A95A): 0
LogDevObjectVersion:   Dev-Rendering (12F88B9F-8875-4AFC-A67C-D90C383ABD29): 25
LogDevObjectVersion:   Dev-Sequencer (7B5AE74C-D270-4C10-A958-57980B212A5A): 6
LogDevObjectVersion:   Dev-VR (D7296918-1DD6-4BDD-9DE2-64A83CC13884): 1
LogDevObjectVersion:   Dev-LoadTimes (C2A15278-BFE7-4AFE-6C17-90FF531DF755): 1
LogDevObjectVersion:   Private-Geometry (6EACA3D4-40EC-4CC1-B786-8BED09428FC5): 2
LogDevObjectVersion:   Dev-AnimPhys (29E575DD-E0A3-4627-9D10-D276232CDCEA): 16
LogDevObjectVersion:   Dev-ReflectionCapture (6B266CEC-1EC7-4B8F-A30B-E4D90942FC07): 1
LogDevObjectVersion:   Dev-Automation (0DF73D61-A23F-47EA-B727-89E90C41499A): 1
LogInit: Compiled (64-bit): Apr 27 2018 02:06:57
LogInit: Compiled with Visual C++: 19.00.24215.01
LogInit: Build Configuration: Development
LogInit: Branch Name: ++UE4+Release-4.19
LogInit: Command Line: -EpicPortal  -epicusername="Chi.L." -epicuserid=6d9d82a823194cffabc845f5b2b62518 -epiclocale=en-US
LogInit: Base Directory: C:/Program Files/Epic Games/UE_4.19/Engine/Binaries/Win64/
LogInit: Installed Engine Build: 1
LogStreaming: Display: Took  0.000s to delete old logs.
LogInit: Presizing for max 8388607 objects, including 0 objects not considered by GC, pre-allocating 0 bytes for permanent pool.
LogInit: Object subsystem initialized
[2019.06.15-14.00.14:873][  0]LogInit: Selected Device Profile: [Windows]
[2019.06.15-14.00.14:873][  0]LogInit: Applying CVar settings loaded from the selected device profile: [Windows]
[2019.06.15-14.00.14:888][  0]LogInit: Computer: DESKTOP-4BGP68M
[2019.06.15-14.00.14:888][  0]LogInit: User: Xun
[2019.06.15-14.00.14:888][  0]LogInit: CPU Page size=4096, Cores=4
[2019.06.15-14.00.14:888][  0]LogInit: High frequency timer resolution =10.000000 MHz
[2019.06.15-14.00.14:889][  0]LogMemory: Memory total: Physical=31.9GB (32GB approx)
[2019.06.15-14.00.14:889][  0]LogMemory: Platform Memory Stats for Windows
[2019.06.15-14.00.14:889][  0]LogMemory: Process Physical Memory: 281.92 MB used, 281.93 MB peak
[2019.06.15-14.00.14:889][  0]LogMemory: Process Virtual Memory: 271.86 MB used, 271.86 MB peak
[2019.06.15-14.00.14:889][  0]LogMemory: Physical Memory: 11281.60 MB used,  21355.62 MB free, 32637.21 MB total
[2019.06.15-14.00.14:889][  0]LogMemory: Virtual Memory: 4852.79 MB used,  21355.62 MB free, 134217728.00 MB total
[2019.06.15-14.00.14:906][  0]LogInit: Using OS detected language (en-US).
[2019.06.15-14.00.14:906][  0]LogInit: Using OS detected locale (en-US).
[2019.06.15-14.00.14:910][  0]LogTextLocalizationManager: No specific localization for 'en-US' exists, so the 'en' localization will be used.
[2019.06.15-14.00.15:343][  0]LogStreaming: Display: Took  0.437s to EndInitTextLocalization.
[2019.06.15-14.00.15:343][  0]LogInit: Setting process to per monitor DPI aware
[2019.06.15-14.00.15:391][  0]LogSlate: New Slate User Created.  User Index 0, Is Virtual User: 0
[2019.06.15-14.00.15:392][  0]LogSlate: Slate User Registered.  User Index 0, Is Virtual User: 0
[2019.06.15-14.00.15:589][  0]LogD3D11RHI: D3D11 adapters:
[2019.06.15-14.00.15:659][  0]LogD3D11RHI:    0. 'NVIDIA GeForce GTX 1070' (Feature Level 11_0)
[2019.06.15-14.00.15:659][  0]LogD3D11RHI:       8081/0/16318 MB DedicatedVideo/DedicatedSystem/SharedSystem, Outputs:1, VendorId:0x10de
[2019.06.15-14.00.15:688][  0]LogD3D11RHI:    1. 'Intel(R) HD Graphics 630' (Feature Level 11_0)
[2019.06.15-14.00.15:688][  0]LogD3D11RHI:       128/0/16318 MB DedicatedVideo/DedicatedSystem/SharedSystem, Outputs:0, VendorId:0x8086
[2019.06.15-14.00.15:689][  0]LogD3D11RHI:    2. 'Microsoft Basic Render Driver' (Feature Level 11_0)
[2019.06.15-14.00.15:689][  0]LogD3D11RHI:       0/0/16318 MB DedicatedVideo/DedicatedSystem/SharedSystem, Outputs:0, VendorId:0x1414
[2019.06.15-14.00.15:689][  0]LogD3D11RHI: Chosen D3D11 Adapter: 0
[2019.06.15-14.00.15:698][  0]LogD3D11RHI: Creating new Direct3DDevice
[2019.06.15-14.00.15:698][  0]LogD3D11RHI:     GPU DeviceId: 0x1be1 (for the marketing name, search the web for "GPU Device Id")
[2019.06.15-14.00.15:698][  0]LogWindows: EnumDisplayDevices:
[2019.06.15-14.00.15:698][  0]LogWindows:    0. 'NVIDIA GeForce GTX 1070' (P:1 D:1)
[2019.06.15-14.00.15:698][  0]LogWindows:    1. 'NVIDIA GeForce GTX 1070' (P:0 D:0)
[2019.06.15-14.00.15:698][  0]LogWindows:    2. 'NVIDIA GeForce GTX 1070' (P:0 D:0)
[2019.06.15-14.00.15:698][  0]LogWindows:    3. 'NVIDIA GeForce GTX 1070' (P:0 D:0)
[2019.06.15-14.00.15:699][  0]LogWindows:    4. 'Intel(R) HD Graphics 630' (P:0 D:0)
[2019.06.15-14.00.15:699][  0]LogWindows:    5. 'Intel(R) HD Graphics 630' (P:0 D:0)
[2019.06.15-14.00.15:699][  0]LogWindows:    6. 'Intel(R) HD Graphics 630' (P:0 D:0)
[2019.06.15-14.00.15:699][  0]LogWindows: DebugString: GetVideoDriverDetailsInvalid PrimaryIsNotTheChoosenAdapter GetVideoDriverDetailsInvalid PrimaryIsNotTheChoosenAdapter GetVideoDriverDetailsInvalid PrimaryIsNotTheChoosenAdapter GetVideoDriverDetailsInvalid PrimaryIsNotTheChoosenAdapter GetVideoDriverDetailsInvalid PrimaryIsNotTheChoosenAdapter GetVideoDriverDetailsInvalid PrimaryIsNotTheChoosenAdapter GetVideoDriverDetailsInvalid PrimaryIsNotTheChoosenAdapter FoundDriverCount:0 
[2019.06.15-14.00.15:699][  0]LogD3D11RHI:     Adapter Name: NVIDIA GeForce GTX 1070
[2019.06.15-14.00.15:699][  0]LogD3D11RHI:   Driver Version: Unknown (internal:Unknown, unified:Unknown)
[2019.06.15-14.00.15:699][  0]LogD3D11RHI:      Driver Date: Unknown
[2019.06.15-14.00.15:699][  0]LogRHI: Texture pool is 5656 MB (70% of 8081 MB)
[2019.06.15-14.00.15:741][  0]LogD3D11RHI: [Aftermath] Aftermath enabled and primed
[2019.06.15-14.00.15:741][  0]LogD3D11RHI: [Aftermath] Aftermath enabled and primed
[2019.06.15-14.00.15:741][  0]LogD3D11RHI: Async texture creation enabled
[2019.06.15-14.00.15:754][  0]LogD3D11RHI: GPU Timing Frequency: 1000.000000 (Debug: 2 1)
[2019.06.15-14.00.15:799][  0]LogShaderCompilers: Guid format shader working directory is -33 characters bigger than the processId version (../../../../../../Users/Xun/Documents/GitHub/XR-brain-Jamin/GFC2/GFC2Project/Intermediate/Shaders/WorkingDirectory/17608/).
[2019.06.15-14.00.15:799][  0]LogShaderCompilers: Cleaned the shader compiler working directory 'C:/Users/Xun/AppData/Local/Temp/UnrealShaderWorkingDir/38A41EFF47FC3B36DFA00EA2C9C6553C/'.
[2019.06.15-14.00.16:027][  0]LogTemp: Display: Loaded TP AllDesktopTargetPlatform
[2019.06.15-14.00.16:040][  0]LogTemp: Display: Loaded TP MacClientTargetPlatform
[2019.06.15-14.00.16:053][  0]LogTemp: Display: Loaded TP MacNoEditorTargetPlatform
[2019.06.15-14.00.16:065][  0]LogTemp: Display: Loaded TP MacServerTargetPlatform
[2019.06.15-14.00.16:077][  0]LogTemp: Display: Loaded TP MacTargetPlatform
[2019.06.15-14.00.16:092][  0]LogTemp: Display: Loaded TP WindowsClientTargetPlatform
[2019.06.15-14.00.16:105][  0]LogTemp: Display: Loaded TP WindowsNoEditorTargetPlatform
[2019.06.15-14.00.16:122][  0]LogTemp: Display: Loaded TP WindowsServerTargetPlatform
[2019.06.15-14.00.16:128][  0]LogTemp: Display: Loaded TP WindowsTargetPlatform
[2019.06.15-14.00.16:141][  0]LogTemp: Display: Loaded TP Android_ASTCTargetPlatform
[2019.06.15-14.00.16:152][  0]LogTemp: Display: Loaded TP Android_ATCTargetPlatform
[2019.06.15-14.00.16:164][  0]LogTemp: Display: Loaded TP Android_DXTTargetPlatform
[2019.06.15-14.00.16:177][  0]LogTemp: Display: Loaded TP Android_ETC1aTargetPlatform
[2019.06.15-14.00.16:189][  0]LogTemp: Display: Loaded TP Android_ETC1TargetPlatform
[2019.06.15-14.00.16:201][  0]LogTemp: Display: Loaded TP Android_ETC2TargetPlatform
[2019.06.15-14.00.16:224][  0]LogTemp: Display: Loaded TP Android_MultiTargetPlatform
[2019.06.15-14.00.16:224][  0]LogTemp: Display: Loaded TP Android_PVRTCTargetPlatform
[2019.06.15-14.00.16:237][  0]LogTemp: Display: Loaded TP AndroidTargetPlatform
[2019.06.15-14.00.16:238][  0]LogTemp: Display: Loaded TP HTML5TargetPlatform
[2019.06.15-14.00.16:274][  0]LogTemp: Display: Loaded TP IOSTargetPlatform
[2019.06.15-14.00.16:285][  0]LogTemp: Display: Loaded TP TVOSTargetPlatform
[2019.06.15-14.00.16:298][  0]LogTemp: Display: Loaded TP LinuxClientTargetPlatform
[2019.06.15-14.00.16:309][  0]LogTemp: Display: Loaded TP LinuxNoEditorTargetPlatform
[2019.06.15-14.00.16:321][  0]LogTemp: Display: Loaded TP LinuxServerTargetPlatform
[2019.06.15-14.00.16:332][  0]LogTemp: Display: Loaded TP LinuxTargetPlatform
[2019.06.15-14.00.16:332][  0]LogTargetPlatformManager: Display: Building Assets For Windows
[2019.06.15-14.00.16:424][  0]LogXGEController: Cannot use XGE Controller as Incredibuild is not installed on this machine.
[2019.06.15-14.00.16:425][  0]LogShaderCompilers: Cannot use XGE Shader Compiler as Incredibuild is not installed on this machine.
[2019.06.15-14.00.16:425][  0]LogShaderCompilers: Display: Using Local Shader Compiler.
[2019.06.15-14.00.17:167][  0]LogDerivedDataCache: Display: Max Cache Size: 512 MB
[2019.06.15-14.00.17:233][  0]LogDerivedDataCache: Loaded boot cache 0.07s 74MB C:/Users/Xun/AppData/Local/UnrealEngine/4.19/DerivedDataCache/Boot.ddc.
[2019.06.15-14.00.17:233][  0]LogDerivedDataCache: Display: Loaded Boot cache: C:/Users/Xun/AppData/Local/UnrealEngine/4.19/DerivedDataCache/Boot.ddc
[2019.06.15-14.00.17:233][  0]LogDerivedDataCache: FDerivedDataBackendGraph:  Pak pak cache file ../../../../../../Users/Xun/Documents/GitHub/XR-brain-Jamin/GFC2/GFC2Project/DerivedDataCache/DDC.ddp not found, will not use a pak cache.
[2019.06.15-14.00.17:233][  0]LogDerivedDataCache: Unable to find inner node Pak for hierarchical cache Hierarchy.
[2019.06.15-14.00.17:233][  0]LogDerivedDataCache: FDerivedDataBackendGraph:  CompressedPak pak cache file ../../../../../../Users/Xun/Documents/GitHub/XR-brain-Jamin/GFC2/GFC2Project/DerivedDataCache/Compressed.ddp not found, will not use a pak cache.
[2019.06.15-14.00.17:233][  0]LogDerivedDataCache: Unable to find inner node CompressedPak for hierarchical cache Hierarchy.
[2019.06.15-14.00.17:250][  0]LogDerivedDataCache: Display: Pak cache opened for reading ../../../Engine/DerivedDataCache/Compressed.ddp.
[2019.06.15-14.00.17:263][  0]LogDerivedDataCache: Using Local data cache path C:/Users/Xun/AppData/Local/UnrealEngine/Common/DerivedDataCache: Writable
[2019.06.15-14.00.17:263][  0]LogDerivedDataCache: Shared data cache path not found in *engine.ini, will not use an Shared cache.
[2019.06.15-14.00.17:263][  0]LogDerivedDataCache: Unable to find inner node Shared for hierarchical cache Hierarchy.
[2019.06.15-14.00.17:274][  0]LogMaterial: Verifying Global Shaders for PCD3D_SM5
[2019.06.15-14.00.17:275][  0]LogSlate: Using Freetype 2.6.0
[2019.06.15-14.00.17:275][  0]LogSlate: SlateFontCache - WITH_FREETYPE: 1, WITH_HARFBUZZ: 1
[2019.06.15-14.00.17:276][  0]LogSlate: SlateFontCache - WITH_FREETYPE: 1, WITH_HARFBUZZ: 1
[2019.06.15-14.00.17:391][  0]LogAssetRegistry: FAssetRegistry took 0.0271 seconds to start up
[2019.06.15-14.00.17:728][  0]LogInit: Selected Device Profile: [Windows]
[2019.06.15-14.00.17:890][  0]LogSimplygon: Simplygon DLL not present - disabling.
[2019.06.15-14.00.17:892][  0]LogMeshReduction: Using SimplygonSwarm for distributed automatic mesh merging
[2019.06.15-14.00.17:892][  0]LogMeshReduction: Using QuadricMeshReduction for automatic static mesh reduction
[2019.06.15-14.00.17:892][  0]LogMeshReduction: No automatic skeletal mesh reduction module available
[2019.06.15-14.00.17:892][  0]LogMeshReduction: No automatic mesh merging module available
[2019.06.15-14.00.17:892][  0]LogMeshMerging: No automatic mesh merging module available
[2019.06.15-14.00.17:923][  0]LogNetVersion: GFC2Project , NetCL: 3944462, EngineNetVer: 2, GameNetVer: 0 (Checksum: 1727949735)
[2019.06.15-14.00.18:411][  0]LogPackageLocalizationCache: Processed 9 localized package path(s) for 2 prioritized culture(s) in 0.083102 seconds
[2019.06.15-14.00.18:419][  0]LogUObjectArray: 36728 objects as part of root set at end of initial load.
[2019.06.15-14.00.18:419][  0]LogUObjectAllocator: 7314304 out of 0 bytes used by permanent object pool.
[2019.06.15-14.00.18:419][  0]LogUObjectArray: CloseDisregardForGC: 0/0 objects in disregard for GC pool
[2019.06.15-14.00.20:155][  0]LogTcpMessaging: Initializing TcpMessaging bridge
[2019.06.15-14.00.20:193][  0]LogUdpMessaging: Initializing bridge on interface 0.0.0.0:0 to multicast group 230.0.0.1:6666.
[2019.06.15-14.00.20:531][  0]SourceControl: Source control is disabled
[2019.06.15-14.00.20:531][  0]SourceControl: Source control is disabled
[2019.06.15-14.00.20:549][  0]SourceControl: Source control is disabled
[2019.06.15-14.00.20:565][  0]SourceControl: Source control is disabled
[2019.06.15-14.00.21:023][  0]LogAndroidPermission: UAndroidPermissionCallbackProxy::GetInstance
[2019.06.15-14.00.21:219][  0]LogOcInput: OculusInput pre-init called
[2019.06.15-14.00.21:327][  0]LogEngine: Initializing Engine...
[2019.06.15-14.00.21:328][  0]LogHMD: Oculus plugin initialized. Version: 4.19.2-4033788+++UE4+Release-4.19, OVRPlugin: 1.21.0
[2019.06.15-14.00.21:329][  0]LogStats: UGameplayTagsManager::ConstructGameplayTagTree: Construct from data asset -  0.000 s
[2019.06.15-14.00.21:329][  0]LogStats: UGameplayTagsManager::ConstructGameplayTagTree: GameplayTagTreeChangedEvent.Broadcast -  0.000 s
[2019.06.15-14.00.21:556][  0]LogAIModule: Creating AISystem for world Untitled
[2019.06.15-14.00.21:582][  0]LogInit: XAudio2 using 'Headphones (2- Rift Audio)' : 2 channels at 48 kHz using 16 bits per sample (channel mask 0x3)
[2019.06.15-14.00.21:609][  0]LogInit: FAudioDevice initialized.
[2019.06.15-14.00.21:653][  0]LogDerivedDataCache: Saved boot cache 0.04s 74MB C:/Users/Xun/AppData/Local/UnrealEngine/4.19/DerivedDataCache/Boot.ddc.
[2019.06.15-14.00.21:670][  0]LogInit: Texture streaming: Enabled
[2019.06.15-14.00.21:683][  0]LogEngineSessionManager: EngineSessionManager initialized
[2019.06.15-14.00.21:701][  0]LogInit: Transaction tracking system initialized
[2019.06.15-14.00.21:721][  0]BlueprintLog: New page: Editor Load
[2019.06.15-14.00.21:781][  0]LogInit: Warning: CVar named 'r.MobileHDR' marked up in RendererSettings was not found or is set to read-only
[2019.06.15-14.00.21:956][  0]LocalizationService: Localization service is disabled
[2019.06.15-14.00.22:059][  0]LogConsoleResponse: Display: 
[2019.06.15-14.00.22:228][  0]LogFileCache: Scanning file cache for directory 'C:/Users/Xun/Documents/GitHub/XR-brain-Jamin/GFC2/GFC2Project/Content/' took 0.01s
[2019.06.15-14.00.22:228][  0]LogCook: Display: Max memory allowance for cook 16384mb min free memory 0mb
[2019.06.15-14.00.22:228][  0]LogCook: Display: Mobile HDR setting 0
[2019.06.15-14.00.22:228][  0]LogGameplayTags: Display: UGameplayTagsManager::DoneAddingNativeTags. DelegateIsBound: 0
[2019.06.15-14.00.22:228][  0]LogStats: UGameplayTagsManager::ConstructGameplayTagTree: Construct from data asset -  0.000 s
[2019.06.15-14.00.22:228][  0]LogStats: UGameplayTagsManager::ConstructGameplayTagTree: GameplayTagTreeChangedEvent.Broadcast -  0.000 s
[2019.06.15-14.00.22:582][  0]SourceControl: Source control is disabled
[2019.06.15-14.00.22:583][  0]Cmd: MAP LOAD FILE="../../../Engine/Content/Maps/Templates/Template_Default.umap" TEMPLATE=1 SHOWPROGRESS=1 FEATURELEVEL=3
[2019.06.15-14.00.22:583][  0]LightingResults: New page: Lighting Build
[2019.06.15-14.00.22:585][  0]MapCheck: New page: Map Check
[2019.06.15-14.00.22:585][  0]LightingResults: New page: Lighting Build
[2019.06.15-14.00.22:788][  0]LogAIModule: Creating AISystem for world Untitled_1
[2019.06.15-14.00.22:795][  0]LogEditorServer: Finished looking for orphan Actors (0.000 secs)
[2019.06.15-14.00.22:807][  0]Cmd: MAP CHECKDEP NOCLEARLOG
[2019.06.15-14.00.22:858][  0]MapCheck: Map check complete: 0 Error(s), 0 Warning(s), took 51.092ms to complete.
[2019.06.15-14.00.22:858][  0]LogFileHelpers: Loading map 'Template_Default' took 0.275
[2019.06.15-14.00.23:017][  0]LogCollectionManager: Loaded 0 collections in 0.001562 seconds
[2019.06.15-14.00.23:060][  0]LogFileCache: Scanning file cache for directory 'C:/Users/Xun/Documents/GitHub/XR-brain-Jamin/GFC2/GFC2Project/Saved/Collections/' took 0.01s
[2019.06.15-14.00.23:060][  0]LogFileCache: Scanning file cache for directory 'C:/Users/Xun/Documents/GitHub/XR-brain-Jamin/GFC2/GFC2Project/Content/Developers/Xun/Collections/' took 0.01s
[2019.06.15-14.00.23:060][  0]LogFileCache: Scanning file cache for directory 'C:/Users/Xun/Documents/GitHub/XR-brain-Jamin/GFC2/GFC2Project/Content/Collections/' took 0.01s
[2019.06.15-14.00.23:060][  0]LogCollectionManager: Rebuilt the GUID cache for 0 collections in 0.000000 seconds
[2019.06.15-14.00.23:075][  0]LogContentBrowser: Native class hierarchy populated in 0.0142 seconds. Added 2452 classes and 558 folders.
[2019.06.15-14.00.23:083][  0]LogContentBrowser: Native class hierarchy updated for 'WidgetCarousel' in 0.0003 seconds. Added 0 classes and 0 folders.
[2019.06.15-14.00.23:141][  0]LogContentBrowser: Native class hierarchy updated for 'AddContentDialog' in 0.0002 seconds. Added 0 classes and 0 folders.
[2019.06.15-14.00.23:146][  0]LogContentBrowser: Native class hierarchy updated for 'SceneOutliner' in 0.0003 seconds. Added 1 classes and 2 folders.
[2019.06.15-14.00.24:185][  0]LogSlate: Only BGRA pngs, bmps or icos are supported in by External Image Picker
[2019.06.15-14.00.24:253][  0]LogTemp: Executing iPhonePackager certificates Engine -bundlename com.YourCompany.GFC2Project
[2019.06.15-14.00.24:253][  0]LogTemp: CWD: C:\Program Files\Epic Games\UE_4.19\Engine\Binaries\DotNET\IOS
[2019.06.15-14.00.24:253][  0]LogTemp: Initial Dir: C:\Program Files\Epic Games\UE_4.19
[2019.06.15-14.00.24:253][  0]LogTemp: Env CWD: C:\Program Files\Epic Games\UE_4.19\Engine\Binaries\DotNET\IOS
[2019.06.15-14.00.24:253][  0]LogTemp: BranchPath = DESKTOP-4BGP68M/C/Program Files/Epic Games/UE_4.19/Engine/Binaries --- GameBranchPath = DESKTOP-4BGP68M/C/Program Files/Epic Games/UE_4.19/Engine/Binaries
[2019.06.15-14.00.24:253][  0]LogSlate: Took 0.000124 seconds to synchronously load lazily loaded font '../../../Engine/Content/Slate/Fonts/Roboto-Regular.ttf' (155K)
[2019.06.15-14.00.24:859][  0]LogTemp: IPP ERROR: Could not find provision directory 'C:\Users\Xun\AppData\Local/Apple Computer/MobileDevice/Provisioning Profiles/'.
[2019.06.15-14.00.24:859][  0]LogSlate: Took 0.000248 seconds to synchronously load lazily loaded font '../../../Engine/Content/Slate/Fonts/Roboto-Bold.ttf' (160K)
[2019.06.15-14.00.24:870][  0]LogSlate: Took 0.000225 seconds to synchronously load lazily loaded font '../../../Engine/Content/Editor/Slate/Fonts/FontAwesome.ttf' (139K)
[2019.06.15-14.00.24:981][  0]LogRenderer: Reallocating scene render targets to support 964x436 Format 10 NumSamples 1 (Frame:1).
[2019.06.15-14.00.25:085][  0]LogContentBrowser: Native class hierarchy updated for 'HierarchicalLODOutliner' in 0.0002 seconds. Added 0 classes and 0 folders.
[2019.06.15-14.00.25:086][  0]LogLoad: (Engine Initialization) Total time: 12.52 seconds
[2019.06.15-14.00.25:086][  0]LogLoad: (Engine Initialization) Total Blueprint compile time: 0.00 seconds
[2019.06.15-14.00.25:105][  0]LogOcInput: OculusInput is initialized
[2019.06.15-14.00.25:131][  0]LogContentStreaming: Texture pool size now 1000 MB
[2019.06.15-14.00.25:174][  1]LogAssetRegistry: Asset discovery search completed in 7.8055 seconds
[2019.06.15-14.00.25:175][  1]LogCollectionManager: Rebuilt the object cache for 0 collections in 0.000000 seconds (found 0 objects)
[2019.06.15-14.00.25:175][  1]LogCollectionManager: Fixed up redirectors for 0 collections in 0.000050 seconds (updated 0 objects)
[2019.06.15-14.00.29:797][276]LogSlate: FSceneViewport::OnFocusLost() reason 2
[2019.06.15-14.00.30:451][315]LogSlate: FSceneViewport::OnFocusLost() reason 2
[2019.06.15-14.00.38:183][753]LogSlate: Window 'Source Control Login' being destroyed
[2019.06.15-14.00.40:959][919]LogSlate: FSceneViewport::OnFocusLost() reason 2
[2019.06.15-14.00.41:873][973]LogPlayLevel: PlayLevel: No blueprints needed recompiling
[2019.06.15-14.00.41:873][973]LogHMD: Initializing OVRPlugin session
[2019.06.15-14.00.41:949][973]PIE: New page: PIE session: Untitled_1 (Jun 15, 2019, 6:00:41 AM)
[2019.06.15-14.00.41:949][973]LogPlayLevel: Creating play world package: /Temp/UEDPIE_0_Untitled_1
[2019.06.15-14.00.41:951][973]LogPlayLevel: PIE: StaticDuplicateObject took: (0.002218s)
[2019.06.15-14.00.41:952][973]LogAIModule: Creating AISystem for world Untitled_1
[2019.06.15-14.00.41:952][973]LogPlayLevel: PIE: World Init took: (0.000599s)
[2019.06.15-14.00.41:952][973]LogPlayLevel: PIE: Created PIE world by copying editor world from /Temp/Untitled_1.Untitled_1 to /Temp/UEDPIE_0_Untitled_1.Untitled_1 (0.002970s)
[2019.06.15-14.00.41:978][973]LogInit: XAudio2 using 'Headphones (2- Rift Audio)' : 2 channels at 48 kHz using 16 bits per sample (channel mask 0x3)
[2019.06.15-14.00.41:990][973]LogInit: FAudioDevice initialized.
[2019.06.15-14.00.41:998][973]LogSlate: FSceneViewport::OnFocusLost() reason 2
[2019.06.15-14.00.42:090][973]LogHMD: Allocating Oculus 2720 x 1600 rendertarget swapchain
[2019.06.15-14.00.42:132][973]LogLoad: Game class is 'GameModeBase'
[2019.06.15-14.00.42:134][973]LogWorld: Bringing World /Temp/UEDPIE_0_Untitled_1.Untitled_1 up for play (max tick rate 0) at 2019.06.15-10.00.42
[2019.06.15-14.00.42:134][973]LogWorld: Bringing up level for play took: 0.000628
[2019.06.15-14.00.42:137][973]LogContentBrowser: Native class hierarchy updated for 'MovieSceneCapture' in 0.0003 seconds. Added 11 classes and 0 folders.
[2019.06.15-14.00.42:142][973]PIE: Play in editor start time for /Temp/UEDPIE_0_Untitled_1 0.369
[2019.06.15-14.00.42:143][973]LogEngine: Changing dynamic resolution state.
[2019.06.15-14.00.42:147][973]LogRenderer: Releasing previous depth to switch default clear from depth: 0.000000 stencil: 0 to depth: 0.000000 stencil: 0
[2019.06.15-14.00.42:151][973]LogRenderer: Releasing previous depth to switch default clear from depth: 0.000000 stencil: 0 to depth: 0.000000 stencil: 0
[2019.06.15-14.00.42:153][973]LogRenderer: Releasing previous depth to switch default clear from depth: 0.000000 stencil: 0 to depth: 0.000000 stencil: 0
[2019.06.15-14.00.42:155][973]LogRenderer: Releasing previous depth to switch default clear from depth: 0.000000 stencil: 0 to depth: 0.000000 stencil: 0
[2019.06.15-14.00.42:155][973]LogRenderer: Releasing previous depth to switch default clear from depth: 0.000000 stencil: 0 to depth: 0.000000 stencil: 0
[2019.06.15-14.00.42:157][973]LogRenderer: Releasing previous depth to switch default clear from depth: 0.000000 stencil: 0 to depth: 0.000000 stencil: 0
[2019.06.15-14.00.42:166][973]LogRenderer: Reallocating scene render targets to support 2720x1600 Format 10 NumSamples 1 (Frame:1).
[2019.06.15-14.00.42:166][973]LogHMD: Allocating Oculus 2720 x 1600 depth rendertarget swapchain
[2019.06.15-14.00.45:790][388]LogSlate: FSceneViewport::OnFocusLost() reason 2
[2019.06.15-14.00.45:797][388]LogSlate: Window 'GFC2Project Game Preview Standalone (64-bit/PCD3D_SM5)' being destroyed
[2019.06.15-14.00.45:861][389]LogEngine: Changing dynamic resolution state.
[2019.06.15-14.00.47:325][476]LogSlate: FSceneViewport::OnFocusLost() reason 2
[2019.06.15-14.00.48:338][537]SourceControl: fatal: C:/Program Files/Epic Games/UE_4.19/Engine/Content: 'C:/Program Files/Epic Games/UE_4.19/Engine/Content' is outside repository
[2019.06.15-14.00.48:425][537]LogPackageName: Error: Illegal call to DoesPackageExist: '../../../../../../Users/Xun/Documents/GitHub/XR-brain-Jamin/GFC2/GFC2Project/GFC2Project.uproject' is not a standard unreal filename or a long path name. Reason: Path should be no less than 4 characters long.
[2019.06.15-14.00.48:684][537]LogStats: FPlatformStackWalk::StackWalkAndDump -  0.259 s
[2019.06.15-14.00.48:684][537]LogOutputDevice: Error: === Handled ensure: ===
[2019.06.15-14.00.48:684][537]LogOutputDevice: Error: 
[2019.06.15-14.00.48:684][537]LogOutputDevice: Error: Ensure condition failed: false [File:D:\Build\++UE4+Release-4.19+Compile\Sync\Engine\Source\Runtime\CoreUObject\Private\Misc\PackageName.cpp] [Line: 818]
[2019.06.15-14.00.48:684][537]LogOutputDevice: Error: Illegal call to DoesPackageExist: '../../../../../../Users/Xun/Documents/GitHub/XR-brain-Jamin/GFC2/GFC2Project/GFC2Project.uproject' is not a standard unreal filename or a long path name. Reason: Path should be no less than 4 characters long.
[2019.06.15-14.00.48:684][537]LogOutputDevice: Error: Stack: 
[2019.06.15-14.00.48:684][537]LogOutputDevice: Error: [Callstack] 0x0000000052DEB706 UE4Editor-Core.dll!UnknownFunction []
[2019.06.15-14.00.48:684][537]LogOutputDevice: Error: [Callstack] 0x0000000052B4AE3A UE4Editor-Core.dll!UnknownFunction []
[2019.06.15-14.00.48:684][537]LogOutputDevice: Error: [Callstack] 0x0000000052B5ECD6 UE4Editor-Core.dll!UnknownFunction []
[2019.06.15-14.00.48:684][537]LogOutputDevice: Error: [Callstack] 0x00000000523BDD3B UE4Editor-CoreUObject.dll!UnknownFunction []
[2019.06.15-14.00.48:684][537]LogOutputDevice: Error: [Callstack] 0x0000000080E76A12 UE4Editor-SourceControl.dll!UnknownFunction []
[2019.06.15-14.00.48:684][537]LogOutputDevice: Error: [Callstack] 0x0000000080E76BA7 UE4Editor-SourceControl.dll!UnknownFunction []
[2019.06.15-14.00.48:684][537]LogOutputDevice: Error: [Callstack] 0x000000003D8D50CE UE4Editor-SourceControlWindows.dll!UnknownFunction []
[2019.06.15-14.00.48:684][537]LogOutputDevice: Error: [Callstack] 0x000000003D894805 UE4Editor-SourceControlWindows.dll!UnknownFunction []
[2019.06.15-14.00.48:684][537]LogOutputDevice: Error: [Callstack] 0x000000003D893DDD UE4Editor-SourceControlWindows.dll!UnknownFunction []
[2019.06.15-14.00.48:684][537]LogOutputDevice: Error: [Callstack] 0x000000003D8A90B4 UE4Editor-SourceControlWindows.dll!UnknownFunction []
[2019.06.15-14.00.48:684][537]LogOutputDevice: Error: [Callstack] 0x00000000331D4669 UE4Editor-GitSourceControl.dll!UnknownFunction []
[2019.06.15-14.00.48:684][537]LogOutputDevice: Error: [Callstack] 0x0000000080E7B9BC UE4Editor-SourceControl.dll!UnknownFunction []
[2019.06.15-14.00.48:684][537]LogOutputDevice: Error: [Callstack] 0x000000004382DF0A UE4Editor-UnrealEd.dll!UnknownFunction []
[2019.06.15-14.00.48:684][537]LogOutputDevice: Error: [Callstack] 0x00000000440C9626 UE4Editor-UnrealEd.dll!UnknownFunction []
[2019.06.15-14.00.48:684][537]LogOutputDevice: Error: [Callstack] 0x0000000002D35EAC UE4Editor.exe!UnknownFunction []
[2019.06.15-14.00.48:684][537]LogOutputDevice: Error: [Callstack] 0x0000000002D46BD0 UE4Editor.exe!UnknownFunction []
[2019.06.15-14.00.48:684][537]LogOutputDevice: Error: [Callstack] 0x0000000002D46C4A UE4Editor.exe!UnknownFunction []
[2019.06.15-14.00.48:684][537]LogOutputDevice: Error: [Callstack] 0x0000000002D54177 UE4Editor.exe!UnknownFunction []
[2019.06.15-14.00.48:684][537]LogOutputDevice: Error: [Callstack] 0x0000000002D55B87 UE4Editor.exe!UnknownFunction []
[2019.06.15-14.00.48:684][537]LogOutputDevice: Error: [Callstack] 0x00000000D1BC7974 KERNEL32.DLL!UnknownFunction []
[2019.06.15-14.00.48:685][537]LogOutputDevice: Error: [Callstack] 0x00000000D231A271 ntdll.dll!UnknownFunction []
[2019.06.15-14.00.48:685][537]LogOutputDevice: Error: 
[2019.06.15-14.00.48:692][537]LogStats:                SubmitErrorReport -  0.000 s
[2019.06.15-14.00.49:185][537]LogStats:                    SendNewReport -  0.493 s
[2019.06.15-14.00.49:186][537]LogStats:             FDebug::EnsureFailed -  0.760 s
[2019.06.15-14.00.49:191][537]LogSlate: FSceneViewport::OnFocusLost() reason 2
[2019.06.15-14.01.00:377][537]LogSlate: Window 'Submit Files' being destroyed
[2019.06.15-14.01.00:387][537]LogSlate: FSceneViewport::OnFocusLost() reason 2
[2019.06.15-14.01.00:530][537]LogSlate: FSceneViewport::OnFocusLost() reason 2
[2019.06.15-14.01.00:660][537]LogSourceControl: commit successful: [master (root-commit) c00ef62] Initial push.
[2019.06.15-14.01.00:716][537]SourceControl: [master (root-commit) c00ef62] Initial push.
[2019.06.15-14.01.00:716][537]SourceControl:  1 file changed, 6 insertions(+)
[2019.06.15-14.01.00:716][537]SourceControl:  create mode 100644 GFC2/GFC2Project/GFC2Project.uproject
[2019.06.15-14.01.00:724][537]SourceControl: Commited [master (root-commit) c00ef62] Initial push..
[2019.06.15-14.10.39:726][ 70]LogSlate: FSceneViewport::OnFocusLost() reason 0
[2019.06.15-14.10.39:893][ 75]SourceControl: fatal: /Temp: '/Temp' is outside repository
[2019.06.15-14.10.39:906][ 75]LogSlate: FSceneViewport::OnFocusLost() reason 2
[2019.06.15-14.10.49:389][ 75]LogSlate: Window 'Save Level As' being destroyed
[2019.06.15-14.10.49:464][ 75]LogSlate: Took 0.000182 seconds to synchronously load lazily loaded font '../../../Engine/Content/Slate/Fonts/Roboto-Light.ttf' (167K)
[2019.06.15-14.10.49:468][ 75]LogSlate: FSceneViewport::OnFocusLost() reason 2
[2019.06.15-14.10.49:487][ 75]Cmd: OBJ SAVEPACKAGE PACKAGE="/Game/Map1" FILE="../../../../../../Users/Xun/Documents/GitHub/XR-brain-Jamin/GFC2/GFC2Project/Content/Map1.umap" SILENT=true AUTOSAVING=false KEEPDIRTY=false
[2019.06.15-14.10.49:530][ 75]LogSavePackage: Save=29.68ms
[2019.06.15-14.10.49:530][ 75]LogSavePackage: Moving '../../../../../../Users/Xun/Documents/GitHub/XR-brain-Jamin/GFC2/GFC2Project/Saved/Map18A005F724336C9233D7A0FAB3D201720.tmp' to '../../../../../../Users/Xun/Documents/GitHub/XR-brain-Jamin/GFC2/GFC2Project/Content/Map1.umap'
[2019.06.15-14.10.49:532][ 75]LogSavePackage: Display: Finished SavePackage ../../../../../../Users/Xun/Documents/GitHub/XR-brain-Jamin/GFC2/GFC2Project/Content/Map1.umap
[2019.06.15-14.10.49:821][ 75]Cmd: OBJ SAVEPACKAGE PACKAGE="/Game/Map1_BuiltData" FILE="../../../../../../Users/Xun/Documents/GitHub/XR-brain-Jamin/GFC2/GFC2Project/Content/Map1_BuiltData.uasset" SILENT=true
[2019.06.15-14.10.49:836][ 75]LogSavePackage: Save=13.78ms
[2019.06.15-14.10.49:837][ 75]LogSavePackage: Moving '../../../../../../Users/Xun/Documents/GitHub/XR-brain-Jamin/GFC2/GFC2Project/Saved/Map1_BuiltData02996D244F63B4E122130EB01FA78D55.tmp' to '../../../../../../Users/Xun/Documents/GitHub/XR-brain-Jamin/GFC2/GFC2Project/Content/Map1_BuiltData.uasset'
[2019.06.15-14.10.49:837][ 75]LogSavePackage: Display: Finished SavePackage ../../../../../../Users/Xun/Documents/GitHub/XR-brain-Jamin/GFC2/GFC2Project/Content/Map1_BuiltData.uasset
[2019.06.15-14.10.50:023][ 75]LogFileHelpers: Saving map 'Map1' took 0.624
[2019.06.15-14.10.50:124][ 81]LogSlate: Took 0.000143 seconds to synchronously load lazily loaded font '../../../Engine/Content/Slate/Fonts/Roboto-Light.ttf' (167K)
[2019.06.15-14.10.50:158][ 83]SourceControl: fatal: /Temp: '/Temp' is outside repository
[2019.06.15-14.10.53:747][295]LogSlate: Window 'Source Control Login' being destroyed
[2019.06.15-14.10.55:334][390]SourceControl: fatal: C:/Program Files/Epic Games/UE_4.19/Engine/Content: 'C:/Program Files/Epic Games/UE_4.19/Engine/Content' is outside repository
[2019.06.15-14.11.03:166][390]LogSlate: Window 'Submit Files' being destroyed
[2019.06.15-14.11.03:399][390]LogSourceControl: commit successful: [master fcc7dd6] Map1 added in game.
[2019.06.15-14.11.03:455][390]SourceControl: [master fcc7dd6] Map1 added in game.
[2019.06.15-14.11.03:455][390]SourceControl:  2 files changed, 0 insertions(+), 0 deletions(-)
[2019.06.15-14.11.03:455][390]SourceControl:  create mode 100644 GFC2/GFC2Project/Content/Map1.umap
[2019.06.15-14.11.03:455][390]SourceControl:  create mode 100644 GFC2/GFC2Project/Content/Map1_BuiltData.uasset
[2019.06.15-14.11.03:462][390]SourceControl: Commited [master fcc7dd6] Map1 added in game..
