Log file open, 06/15/19 14:41:41
LogWindows: Failed to load 'aqProf.dll' (GetLastError=126)
LogWindows: File 'aqProf.dll' does not exist
LogWindows: Failed to load 'VtuneApi.dll' (GetLastError=126)
LogWindows: File 'VtuneApi.dll' does not exist
LogWindows: Failed to load 'VtuneApi32e.dll' (GetLastError=126)
LogWindows: File 'VtuneApi32e.dll' does not exist
LogInit: Display: Running engine for game: GFC2Project
LogPlatformFile: Not using cached read wrapper
LogInit: Display: RandInit(1634489216) SRandInit(1634489216).
LogInit: Read version file with build ID '3944462'
LogInit: Overriding engine version to CL 4033788, compatible CL 3944462
LogInit: Registered custom module enumerator with build ID '3944462'
LogTaskGraph: Started task graph with 5 named threads and 23 total threads with 3 sets of task threads.
LogStats: Stats thread started at 0.297436
LogD3D11RHI: Aftermath initialized
LogICUInternationalization: Display: ICU TimeZone Detection - Raw Offset: -5:00, Platform Override: ''
LogModuleManager: Display: Found up-to-date module file ../../../Engine/Plugins/2D/Paper2D/Binaries/Win64/UE4Editor-Paper2D.dll (API version 3944462).
LogModuleManager: Display: Found up-to-date module file ../../../Engine/Plugins/2D/Paper2D/Binaries/Win64/UE4Editor-Paper2DEditor.dll (API version 3944462).
LogModuleManager: Display: Found up-to-date module file ../../../Engine/Plugins/2D/Paper2D/Binaries/Win64/UE4Editor-PaperSpriteSheetImporter.dll (API version 3944462).
LogModuleManager: Display: Found up-to-date module file ../../../Engine/Plugins/2D/Paper2D/Binaries/Win64/UE4Editor-PaperTiledImporter.dll (API version 3944462).
LogModuleManager: Display: Found up-to-date module file ../../../Engine/Plugins/2D/Paper2D/Binaries/Win64/UE4Editor-SmartSnapping.dll (API version 3944462).
LogModuleManager: Display: Found up-to-date module file ../../../Engine/Plugins/Blendables/LightPropagationVolume/Binaries/Win64/UE4Editor-LightPropagationVolumeRuntime.dll (API version 3944462).
LogModuleManager: Display: Found up-to-date module file ../../../Engine/Plugins/Blendables/LightPropagationVolume/Binaries/Win64/UE4Editor-LightPropagationVolumeEditor.dll (API version 3944462).
LogModuleManager: Display: Found up-to-date module file ../../../Engine/Plugins/Developer/CLionSourceCodeAccess/Binaries/Win64/UE4Editor-CLionSourceCodeAccess.dll (API version 3944462).
LogModuleManager: Display: Found up-to-date module file ../../../Engine/Plugins/Developer/GitSourceControl/Binaries/Win64/UE4Editor-GitSourceControl.dll (API version 3944462).
LogModuleManager: Display: Found up-to-date module file ../../../Engine/Plugins/Developer/PerforceSourceControl/Binaries/Win64/UE4Editor-PerforceSourceControl.dll (API version 3944462).
LogModuleManager: Display: Found up-to-date module file ../../../Engine/Plugins/Developer/SubversionSourceControl/Binaries/Win64/UE4Editor-SubversionSourceControl.dll (API version 3944462).
LogModuleManager: Display: Found up-to-date module file ../../../Engine/Plugins/Developer/UObjectPlugin/Binaries/Win64/UE4Editor-UObjectPlugin.dll (API version 3944462).
LogModuleManager: Display: Found up-to-date module file ../../../Engine/Plugins/Developer/VisualStudioCodeSourceCodeAccess/Binaries/Win64/UE4Editor-VisualStudioCodeSourceCodeAccess.dll (API version 3944462).
LogModuleManager: Display: Found up-to-date module file ../../../Engine/Plugins/Developer/VisualStudioSourceCodeAccess/Binaries/Win64/UE4Editor-VisualStudioSourceCodeAccess.dll (API version 3944462).
LogModuleManager: Display: Found up-to-date module file ../../../Engine/Plugins/Editor/AssetManagerEditor/Binaries/Win64/UE4Editor-AssetManagerEditor.dll (API version 3944462).
LogModuleManager: Display: Found up-to-date module file ../../../Engine/Plugins/Editor/CryptoKeys/Binaries/Win64/UE4Editor-CryptoKeys.dll (API version 3944462).
LogModuleManager: Display: Found up-to-date module file ../../../Engine/Plugins/Editor/CryptoKeys/Binaries/Win64/UE4Editor-CryptoKeysOpenSSL.dll (API version 3944462).
LogModuleManager: Display: Found up-to-date module file ../../../Engine/Plugins/Editor/DataValidation/Binaries/Win64/UE4Editor-DataValidation.dll (API version 3944462).
LogModuleManager: Display: Found up-to-date module file ../../../Engine/Plugins/Editor/FacialAnimation/Binaries/Win64/UE4Editor-FacialAnimation.dll (API version 3944462).
LogModuleManager: Display: Found up-to-date module file ../../../Engine/Plugins/Editor/FacialAnimation/Binaries/Win64/UE4Editor-FacialAnimationEditor.dll (API version 3944462).
LogModuleManager: Display: Found up-to-date module file ../../../Engine/Plugins/Editor/GameplayTagsEditor/Binaries/Win64/UE4Editor-GameplayTagsEditor.dll (API version 3944462).
LogModuleManager: Display: Found up-to-date module file ../../../Engine/Plugins/Editor/MobileLauncherProfileWizard/Binaries/Win64/UE4Editor-MobileLauncherProfileWizard.dll (API version 3944462).
LogModuleManager: Display: Found up-to-date module file ../../../Engine/Plugins/Editor/PluginBrowser/Binaries/Win64/UE4Editor-PluginBrowser.dll (API version 3944462).
LogModuleManager: Display: Found up-to-date module file ../../../Engine/Plugins/Editor/SpeedTreeImporter/Binaries/Win64/UE4Editor-SpeedTreeImporter.dll (API version 3944462).
LogModuleManager: Display: Found up-to-date module file ../../../Engine/Plugins/Enterprise/DatasmithContent/Binaries/Win64/UE4Editor-DatasmithContent.dll (API version 3944462).
LogModuleManager: Display: Found up-to-date module file ../../../Engine/Plugins/Experimental/AlembicImporter/Binaries/Win64/UE4Editor-AlembicImporter.dll (API version 3944462).
LogModuleManager: Display: Found up-to-date module file ../../../Engine/Plugins/Experimental/AlembicImporter/Binaries/Win64/UE4Editor-AlembicLibrary.dll (API version 3944462).
LogModuleManager: Display: Found up-to-date module file ../../../Engine/Plugins/Experimental/CharacterAI/Binaries/Win64/UE4Editor-CharacterAI.dll (API version 3944462).
LogModuleManager: Display: Found up-to-date module file ../../../Engine/Plugins/Experimental/HTML5Networking/Binaries/Win64/UE4Editor-HTML5Networking.dll (API version 3944462).
LogModuleManager: Display: Found up-to-date module file ../../../Engine/Plugins/Media/AndroidMedia/Binaries/Win64/UE4Editor-AndroidMediaEditor.dll (API version 3944462).
LogModuleManager: Display: Found up-to-date module file ../../../Engine/Plugins/Media/AndroidMedia/Binaries/Win64/UE4Editor-AndroidMediaFactory.dll (API version 3944462).
LogModuleManager: Display: Found up-to-date module file ../../../Engine/Plugins/Media/AvfMedia/Binaries/Win64/UE4Editor-AvfMediaEditor.dll (API version 3944462).
LogModuleManager: Display: Found up-to-date module file ../../../Engine/Plugins/Media/AvfMedia/Binaries/Win64/UE4Editor-AvfMediaFactory.dll (API version 3944462).
LogModuleManager: Display: Found up-to-date module file ../../../Engine/Plugins/Media/AvfMedia/Binaries/Win64/UE4Editor-AvfMediaFactory.dll (API version 3944462).
LogModuleManager: Display: Found up-to-date module file ../../../Engine/Plugins/Media/ImgMedia/Binaries/Win64/UE4Editor-ImgMedia.dll (API version 3944462).
LogModuleManager: Display: Found up-to-date module file ../../../Engine/Plugins/Media/ImgMedia/Binaries/Win64/UE4Editor-ImgMediaEditor.dll (API version 3944462).
LogModuleManager: Display: Found up-to-date module file ../../../Engine/Plugins/Media/ImgMedia/Binaries/Win64/UE4Editor-ImgMediaFactory.dll (API version 3944462).
LogModuleManager: Display: Found up-to-date module file ../../../Engine/Plugins/Media/ImgMedia/Binaries/Win64/UE4Editor-ImgMediaFactory.dll (API version 3944462).
LogModuleManager: Display: Found up-to-date module file ../../../Engine/Plugins/Media/ImgMedia/Binaries/Win64/UE4Editor-OpenExrWrapper.dll (API version 3944462).
LogModuleManager: Display: Found up-to-date module file ../../../Engine/Plugins/Media/LinearTimecode/Binaries/Win64/UE4Editor-LinearTimecode.dll (API version 3944462).
LogModuleManager: Display: Found up-to-date module file ../../../Engine/Plugins/Media/MediaCompositing/Binaries/Win64/UE4Editor-MediaCompositing.dll (API version 3944462).
LogModuleManager: Display: Found up-to-date module file ../../../Engine/Plugins/Media/MediaCompositing/Binaries/Win64/UE4Editor-MediaCompositingEditor.dll (API version 3944462).
LogModuleManager: Display: Found up-to-date module file ../../../Engine/Plugins/Media/MediaPlayerEditor/Binaries/Win64/UE4Editor-MediaPlayerEditor.dll (API version 3944462).
LogModuleManager: Display: Found up-to-date module file ../../../Engine/Plugins/Media/WmfMedia/Binaries/Win64/UE4Editor-WmfMedia.dll (API version 3944462).
LogModuleManager: Display: Found up-to-date module file ../../../Engine/Plugins/Media/WmfMedia/Binaries/Win64/UE4Editor-WmfMediaEditor.dll (API version 3944462).
LogModuleManager: Display: Found up-to-date module file ../../../Engine/Plugins/Media/WmfMedia/Binaries/Win64/UE4Editor-WmfMediaFactory.dll (API version 3944462).
LogModuleManager: Display: Found up-to-date module file ../../../Engine/Plugins/Media/WmfMedia/Binaries/Win64/UE4Editor-WmfMediaFactory.dll (API version 3944462).
LogModuleManager: Display: Found up-to-date module file ../../../Engine/Plugins/Messaging/TcpMessaging/Binaries/Win64/UE4Editor-TcpMessaging.dll (API version 3944462).
LogModuleManager: Display: Found up-to-date module file ../../../Engine/Plugins/Messaging/UdpMessaging/Binaries/Win64/UE4Editor-UdpMessaging.dll (API version 3944462).
LogModuleManager: Display: Found up-to-date module file ../../../Engine/Plugins/MovieScene/ActorSequence/Binaries/Win64/UE4Editor-ActorSequence.dll (API version 3944462).
LogModuleManager: Display: Found up-to-date module file ../../../Engine/Plugins/MovieScene/LevelSequenceEditor/Binaries/Win64/UE4Editor-LevelSequenceEditor.dll (API version 3944462).
LogModuleManager: Display: Found up-to-date module file ../../../Engine/Plugins/MovieScene/MatineeToLevelSequence/Binaries/Win64/UE4Editor-MatineeToLevelSequence.dll (API version 3944462).
LogModuleManager: Display: Found up-to-date module file ../../../Engine/Plugins/NetcodeUnitTest/NetcodeUnitTest/Binaries/Win64/UE4Editor-NetcodeUnitTest.dll (API version 3944462).
LogModuleManager: Display: Found up-to-date module file ../../../Engine/Plugins/NetcodeUnitTest/NUTUnrealEngine4/Binaries/Win64/UE4Editor-NUTUnrealEngine4.dll (API version 3944462).
LogModuleManager: Display: Found up-to-date module file ../../../Engine/Plugins/Online/OnlineSubsystem/Binaries/Win64/UE4Editor-OnlineSubsystem.dll (API version 3944462).
LogModuleManager: Display: Found up-to-date module file ../../../Engine/Plugins/Runtime/AndroidPermission/Binaries/Win64/UE4Editor-AndroidPermission.dll (API version 3944462).
LogModuleManager: Display: Found up-to-date module file ../../../Engine/Plugins/Online/OnlineSubsystemNull/Binaries/Win64/UE4Editor-OnlineSubsystemNull.dll (API version 3944462).
LogModuleManager: Display: Found up-to-date module file ../../../Engine/Plugins/Online/OnlineSubsystemUtils/Binaries/Win64/UE4Editor-OnlineSubsystemUtils.dll (API version 3944462).
LogModuleManager: Display: Found up-to-date module file ../../../Engine/Plugins/Online/OnlineSubsystemUtils/Binaries/Win64/UE4Editor-OnlineBlueprintSupport.dll (API version 3944462).
LogModuleManager: Display: Found up-to-date module file ../../../Engine/Plugins/Runtime/AndroidDeviceProfileSelector/Binaries/Win64/UE4Editor-AndroidDeviceProfileSelector.dll (API version 3944462).
LogModuleManager: Display: Found up-to-date module file ../../../Engine/Plugins/Runtime/AppleARKit/Binaries/Win64/UE4Editor-AppleARKit.dll (API version 3944462).
LogModuleManager: Display: Found up-to-date module file ../../../Engine/Plugins/Runtime/ProceduralMeshComponent/Binaries/Win64/UE4Editor-ProceduralMeshComponent.dll (API version 3944462).
LogModuleManager: Display: Found up-to-date module file ../../../Engine/Plugins/Runtime/ProceduralMeshComponent/Binaries/Win64/UE4Editor-ProceduralMeshComponentEditor.dll (API version 3944462).
LogModuleManager: Display: Found up-to-date module file ../../../Engine/Plugins/Animation/LiveLink/Binaries/Win64/UE4Editor-LiveLink.dll (API version 3944462).
LogModuleManager: Display: Found up-to-date module file ../../../Engine/Plugins/Animation/LiveLink/Binaries/Win64/UE4Editor-LiveLinkEditor.dll (API version 3944462).
LogModuleManager: Display: Found up-to-date module file ../../../Engine/Plugins/Runtime/ArchVisCharacter/Binaries/Win64/UE4Editor-ArchVisCharacter.dll (API version 3944462).
LogModuleManager: Display: Found up-to-date module file ../../../Engine/Plugins/Runtime/AudioCapture/Binaries/Win64/UE4Editor-AudioCapture.dll (API version 3944462).
LogModuleManager: Display: Found up-to-date module file ../../../Engine/Plugins/Runtime/AudioCapture/Binaries/Win64/UE4Editor-AudioCaptureEditor.dll (API version 3944462).
LogModuleManager: Display: Found up-to-date module file ../../../Engine/Plugins/Runtime/CableComponent/Binaries/Win64/UE4Editor-CableComponent.dll (API version 3944462).
LogModuleManager: Display: Found up-to-date module file ../../../Engine/Plugins/Runtime/CustomMeshComponent/Binaries/Win64/UE4Editor-CustomMeshComponent.dll (API version 3944462).
LogModuleManager: Display: Found up-to-date module file ../../../Engine/Plugins/Runtime/ExampleDeviceProfileSelector/Binaries/Win64/UE4Editor-ExampleDeviceProfileSelector.dll (API version 3944462).
LogModuleManager: Display: Found up-to-date module file ../../../Engine/Plugins/Runtime/ImmediatePhysics/Binaries/Win64/UE4Editor-ImmediatePhysics.dll (API version 3944462).
LogModuleManager: Display: Found up-to-date module file ../../../Engine/Plugins/Runtime/ImmediatePhysics/Binaries/Win64/UE4Editor-ImmediatePhysicsEditor.dll (API version 3944462).
LogModuleManager: Display: Found up-to-date module file ../../../Engine/Plugins/Runtime/LocationServicesBPLibrary/Binaries/Win64/UE4Editor-LocationServicesBPLibrary.dll (API version 3944462).
LogModuleManager: Display: Found up-to-date module file ../../../Engine/Plugins/Runtime/MobilePatchingUtils/Binaries/Win64/UE4Editor-MobilePatchingUtils.dll (API version 3944462).
LogModuleManager: Display: Found up-to-date module file ../../../Engine/Plugins/Runtime/Oculus/OculusVR/Binaries/Win64/UE4Editor-OculusHMD.dll (API version 3944462).
LogModuleManager: Display: Found up-to-date module file ../../../Engine/Plugins/Runtime/Oculus/OculusVR/Binaries/Win64/UE4Editor-OculusInput.dll (API version 3944462).
LogModuleManager: Display: Found up-to-date module file ../../../Engine/Plugins/Runtime/Oculus/OculusVR/Binaries/Win64/UE4Editor-OculusEditor.dll (API version 3944462).
LogModuleManager: Display: Found up-to-date module file ../../../Engine/Plugins/Runtime/PhysXVehicles/Binaries/Win64/UE4Editor-PhysXVehicles.dll (API version 3944462).
LogModuleManager: Display: Found up-to-date module file ../../../Engine/Plugins/Runtime/PhysXVehicles/Binaries/Win64/UE4Editor-PhysXVehiclesEditor.dll (API version 3944462).
LogModuleManager: Display: Found up-to-date module file ../../../Engine/Plugins/Runtime/RuntimePhysXCooking/Binaries/Win64/UE4Editor-RuntimePhysXCooking.dll (API version 3944462).
LogModuleManager: Display: Found up-to-date module file ../../../Engine/Plugins/Runtime/Steam/SteamVR/Binaries/Win64/UE4Editor-SteamVR.dll (API version 3944462).
LogModuleManager: Display: Found up-to-date module file ../../../Engine/Plugins/Runtime/Steam/SteamVR/Binaries/Win64/UE4Editor-SteamVRController.dll (API version 3944462).
LogModuleManager: Display: Found up-to-date module file ../../../Engine/Plugins/Runtime/WindowsMoviePlayer/Binaries/Win64/UE4Editor-WindowsMoviePlayer.dll (API version 3944462).
LogPluginManager: Mounting plugin Paper2D
LogPluginManager: Mounting plugin LiveLink
LogPluginManager: Mounting plugin LightPropagationVolume
LogPluginManager: Mounting plugin CLionSourceCodeAccess
LogPluginManager: Mounting plugin CodeLiteSourceCodeAccess
LogPluginManager: Mounting plugin GitSourceControl
LogPluginManager: Mounting plugin KDevelopSourceCodeAccess
LogPluginManager: Mounting plugin NullSourceCodeAccess
LogPluginManager: Mounting plugin PerforceSourceControl
LogPluginManager: Mounting plugin SubversionSourceControl
LogPluginManager: Mounting plugin UObjectPlugin
LogPluginManager: Mounting plugin VisualStudioCodeSourceCodeAccess
LogPluginManager: Mounting plugin VisualStudioSourceCodeAccess
LogPluginManager: Mounting plugin XCodeSourceCodeAccess
LogPluginManager: Mounting plugin AssetManagerEditor
LogPluginManager: Mounting plugin CryptoKeys
LogPluginManager: Mounting plugin DataValidation
LogPluginManager: Mounting plugin FacialAnimation
LogPluginManager: Mounting plugin GameplayTagsEditor
LogPluginManager: Mounting plugin MobileLauncherProfileWizard
LogPluginManager: Mounting plugin PluginBrowser
LogPluginManager: Mounting plugin SpeedTreeImporter
LogPluginManager: Mounting plugin DatasmithContent
LogPluginManager: Mounting plugin AlembicImporter
LogPluginManager: Mounting plugin CharacterAI
LogPluginManager: Mounting plugin HTML5Networking
LogPluginManager: Mounting plugin AndroidMedia
LogPluginManager: Mounting plugin AvfMedia
LogPluginManager: Mounting plugin ImgMedia
LogPluginManager: Mounting plugin LinearTimecode
LogPluginManager: Mounting plugin MediaCompositing
LogPluginManager: Mounting plugin MediaPlayerEditor
LogPluginManager: Mounting plugin WmfMedia
LogPluginManager: Mounting plugin TcpMessaging
LogPluginManager: Mounting plugin UdpMessaging
LogPluginManager: Mounting plugin ActorSequence
LogPluginManager: Mounting plugin LevelSequenceEditor
LogPluginManager: Mounting plugin MatineeToLevelSequence
LogPluginManager: Mounting plugin NetcodeUnitTest
LogPluginManager: Mounting plugin NUTUnrealEngine4
LogPluginManager: Mounting plugin OnlineSubsystemGooglePlay
LogPluginManager: Mounting plugin OnlineSubsystemIOS
LogPluginManager: Mounting plugin OnlineSubsystem
LogPluginManager: Mounting plugin OnlineSubsystemNull
LogPluginManager: Mounting plugin OnlineSubsystemUtils
LogPluginManager: Mounting plugin AndroidDeviceProfileSelector
LogPluginManager: Mounting plugin AndroidMoviePlayer
LogPluginManager: Mounting plugin AndroidPermission
LogPluginManager: Mounting plugin AppleARKit
LogPluginManager: Mounting plugin AppleMoviePlayer
LogPluginManager: Mounting plugin ArchVisCharacter
LogPluginManager: Mounting plugin AudioCapture
LogPluginManager: Mounting plugin CableComponent
LogPluginManager: Mounting plugin CustomMeshComponent
LogPluginManager: Mounting plugin ExampleDeviceProfileSelector
LogPluginManager: Mounting plugin GoogleCloudMessaging
LogPluginManager: Mounting plugin ImmediatePhysics
LogPluginManager: Mounting plugin IOSDeviceProfileSelector
LogPluginManager: Mounting plugin LinuxDeviceProfileSelector
LogPluginManager: Mounting plugin LocationServicesBPLibrary
LogPluginManager: Mounting plugin MobilePatchingUtils
LogPluginManager: Mounting plugin OculusVR
LogPluginManager: Plugin shader directory ../../../Engine/Plugins/Runtime/Oculus/OculusVR/Shaders found
LogPluginManager: Mapping shader source directory ../../../Engine/Plugins/Runtime/Oculus/OculusVR/Shaders to virtual directory /Plugin/OculusVR
LogPluginManager: Mounting plugin PhysXVehicles
LogPluginManager: Mounting plugin ProceduralMeshComponent
LogPluginManager: Mounting plugin RuntimePhysXCooking
LogPluginManager: Mounting plugin SteamVR
LogPluginManager: Mounting plugin WindowsMoviePlayer
LogStreaming: Display: Took  1.794s to configure plugins.
LogInit: Using libcurl 7.47.1
LogInit:  - built for x86_64-pc-win32
LogInit:  - supports SSL with OpenSSL/1.0.2g
LogInit:  - supports HTTP deflate (compression) using libz 1.2.8
LogInit:  - other features:
LogInit:      CURL_VERSION_SSL
LogInit:      CURL_VERSION_LIBZ
LogInit:      CURL_VERSION_IPV6
LogInit:      CURL_VERSION_ASYNCHDNS
LogInit:      CURL_VERSION_LARGEFILE
LogInit:      CURL_VERSION_IDN
LogInit:  CurlRequestOptions (configurable via config and command line):
LogInit:  - bVerifyPeer = false  - Libcurl will NOT verify peer certificate
LogInit:  - bUseHttpProxy = false  - Libcurl will NOT use HTTP proxy
LogInit:  - bDontReuseConnections = false  - Libcurl will reuse connections
LogInit:  - CertBundlePath = nullptr  - Libcurl will use whatever was configured at build time.
LogInit:  - MaxHostConnections = 16  - Libcurl will limit the number of connections to a host
LogInit:  - LocalHostAddr = Default
LogInit: WinSock: version 1.1 (2.2), MaxSocks=32767, MaxUdp=65467
LogInit: WinSock: I am PFINNCH14 (149.31.197.56:0)
LogInit: Build: ++UE4+Release-4.19-CL-4033788
LogInit: Engine Version: 4.19.2-4033788+++UE4+Release-4.19
LogInit: Compatible Engine Version: 4.19.0-3944462+++UE4+Release-4.19
LogInit: Net CL: 3944462
LogDevObjectVersion: Number of dev versions registered: 18
LogDevObjectVersion:   Dev-Blueprints (B0D832E4-1F89-4F0D-ACCF-7EB736FD4AA2): 10
LogDevObjectVersion:   Dev-Build (E1C64328-A22C-4D53-A36C-8E866417BD8C): 0
LogDevObjectVersion:   Dev-Core (375EC13C-06E4-48FB-B500-84F0262A717E): 2
LogDevObjectVersion:   Dev-Editor (E4B068ED-F494-42E9-A231-DA0B2E46BB41): 23
LogDevObjectVersion:   Dev-Framework (CFFC743F-43B0-4480-9391-14DF171D2073): 33
LogDevObjectVersion:   Dev-Mobile (B02B49B5-BB20-44E9-A304-32B752E40360): 2
LogDevObjectVersion:   Dev-Networking (A4E4105C-59A1-49B5-A7C5-40C4547EDFEE): 0
LogDevObjectVersion:   Dev-Online (39C831C9-5AE6-47DC-9A44-9C173E1C8E7C): 0
LogDevObjectVersion:   Dev-Physics (78F01B33-EBEA-4F98-B9B4-84EACCB95AA2): 0
LogDevObjectVersion:   Dev-Platform (6631380F-2D4D-43E0-8009-CF276956A95A): 0
LogDevObjectVersion:   Dev-Rendering (12F88B9F-8875-4AFC-A67C-D90C383ABD29): 25
LogDevObjectVersion:   Dev-Sequencer (7B5AE74C-D270-4C10-A958-57980B212A5A): 6
LogDevObjectVersion:   Dev-VR (D7296918-1DD6-4BDD-9DE2-64A83CC13884): 1
LogDevObjectVersion:   Dev-LoadTimes (C2A15278-BFE7-4AFE-6C17-90FF531DF755): 1
LogDevObjectVersion:   Private-Geometry (6EACA3D4-40EC-4CC1-B786-8BED09428FC5): 2
LogDevObjectVersion:   Dev-AnimPhys (29E575DD-E0A3-4627-9D10-D276232CDCEA): 16
LogDevObjectVersion:   Dev-ReflectionCapture (6B266CEC-1EC7-4B8F-A30B-E4D90942FC07): 1
LogDevObjectVersion:   Dev-Automation (0DF73D61-A23F-47EA-B727-89E90C41499A): 1
LogInit: Compiled (64-bit): Apr 27 2018 02:06:57
LogInit: Compiled with Visual C++: 19.00.24215.01
LogInit: Build Configuration: Development
LogInit: Branch Name: ++UE4+Release-4.19
LogInit: Command Line:  
LogInit: Base Directory: D:/Program Files/Epic Games/UE_4.19/Engine/Binaries/Win64/
LogInit: Installed Engine Build: 1
LogStreaming: Display: Took  0.001s to delete old logs.
LogInit: Presizing for max 8388607 objects, including 0 objects not considered by GC, pre-allocating 0 bytes for permanent pool.
LogInit: Object subsystem initialized
[2019.06.15-18.41.43:561][  0]LogInit: Selected Device Profile: [Windows]
[2019.06.15-18.41.43:561][  0]LogInit: Applying CVar settings loaded from the selected device profile: [Windows]
[2019.06.15-18.41.43:599][  0]LogInit: Computer: PFINNCH14
[2019.06.15-18.41.43:599][  0]LogInit: User: peter
[2019.06.15-18.41.43:599][  0]LogInit: CPU Page size=4096, Cores=4
[2019.06.15-18.41.43:599][  0]LogInit: High frequency timer resolution =2.835934 MHz
[2019.06.15-18.41.43:600][  0]LogMemory: Memory total: Physical=31.9GB (32GB approx)
[2019.06.15-18.41.43:600][  0]LogMemory: Platform Memory Stats for Windows
[2019.06.15-18.41.43:600][  0]LogMemory: Process Physical Memory: 274.24 MB used, 274.24 MB peak
[2019.06.15-18.41.43:600][  0]LogMemory: Process Virtual Memory: 264.69 MB used, 264.69 MB peak
[2019.06.15-18.41.43:600][  0]LogMemory: Physical Memory: 7783.07 MB used,  24854.43 MB free, 32637.50 MB total
[2019.06.15-18.41.43:600][  0]LogMemory: Virtual Memory: 4795.59 MB used,  24854.43 MB free, 134217728.00 MB total
[2019.06.15-18.41.43:985][  0]LogInit: Using OS detected language (en-US).
[2019.06.15-18.41.43:985][  0]LogInit: Using OS detected locale (en-US).
[2019.06.15-18.41.44:023][  0]LogTextLocalizationManager: No specific localization for 'en-US' exists, so the 'en' localization will be used.
[2019.06.15-18.41.44:450][  0]LogStreaming: Display: Took  0.465s to EndInitTextLocalization.
[2019.06.15-18.41.44:450][  0]LogInit: Setting process to per monitor DPI aware
[2019.06.15-18.41.44:510][  0]LogSlate: New Slate User Created.  User Index 0, Is Virtual User: 0
[2019.06.15-18.41.44:510][  0]LogSlate: Slate User Registered.  User Index 0, Is Virtual User: 0
[2019.06.15-18.41.46:107][  0]LogD3D11RHI: D3D11 adapters:
[2019.06.15-18.41.46:169][  0]LogD3D11RHI:    0. 'NVIDIA GeForce GTX 1070' (Feature Level 11_0)
[2019.06.15-18.41.46:169][  0]LogD3D11RHI:       8081/0/16318 MB DedicatedVideo/DedicatedSystem/SharedSystem, Outputs:1, VendorId:0x10de
[2019.06.15-18.41.46:199][  0]LogD3D11RHI:    1. 'Intel(R) HD Graphics 630' (Feature Level 11_0)
[2019.06.15-18.41.46:199][  0]LogD3D11RHI:       128/0/16318 MB DedicatedVideo/DedicatedSystem/SharedSystem, Outputs:0, VendorId:0x8086
[2019.06.15-18.41.46:201][  0]LogD3D11RHI:    2. 'Microsoft Basic Render Driver' (Feature Level 11_0)
[2019.06.15-18.41.46:201][  0]LogD3D11RHI:       0/0/16318 MB DedicatedVideo/DedicatedSystem/SharedSystem, Outputs:0, VendorId:0x1414
[2019.06.15-18.41.46:201][  0]LogD3D11RHI: Chosen D3D11 Adapter: 0
[2019.06.15-18.41.46:209][  0]LogD3D11RHI: Creating new Direct3DDevice
[2019.06.15-18.41.46:209][  0]LogD3D11RHI:     GPU DeviceId: 0x1be1 (for the marketing name, search the web for "GPU Device Id")
[2019.06.15-18.41.46:209][  0]LogWindows: EnumDisplayDevices:
[2019.06.15-18.41.46:209][  0]LogWindows:    0. 'NVIDIA GeForce GTX 1070' (P:1 D:1)
[2019.06.15-18.41.46:209][  0]LogWindows:    1. 'NVIDIA GeForce GTX 1070' (P:0 D:0)
[2019.06.15-18.41.46:210][  0]LogWindows:    2. 'NVIDIA GeForce GTX 1070' (P:0 D:0)
[2019.06.15-18.41.46:210][  0]LogWindows:    3. 'NVIDIA GeForce GTX 1070' (P:0 D:0)
[2019.06.15-18.41.46:210][  0]LogWindows:    4. 'Intel(R) HD Graphics 630' (P:0 D:0)
[2019.06.15-18.41.46:210][  0]LogWindows:    5. 'Intel(R) HD Graphics 630' (P:0 D:0)
[2019.06.15-18.41.46:211][  0]LogWindows:    6. 'Intel(R) HD Graphics 630' (P:0 D:0)
[2019.06.15-18.41.46:211][  0]LogWindows: DebugString: GetVideoDriverDetailsInvalid PrimaryIsNotTheChoosenAdapter GetVideoDriverDetailsInvalid PrimaryIsNotTheChoosenAdapter GetVideoDriverDetailsInvalid PrimaryIsNotTheChoosenAdapter GetVideoDriverDetailsInvalid PrimaryIsNotTheChoosenAdapter GetVideoDriverDetailsInvalid PrimaryIsNotTheChoosenAdapter GetVideoDriverDetailsInvalid PrimaryIsNotTheChoosenAdapter GetVideoDriverDetailsInvalid PrimaryIsNotTheChoosenAdapter FoundDriverCount:0 
[2019.06.15-18.41.46:211][  0]LogD3D11RHI:     Adapter Name: NVIDIA GeForce GTX 1070
[2019.06.15-18.41.46:211][  0]LogD3D11RHI:   Driver Version: Unknown (internal:Unknown, unified:Unknown)
[2019.06.15-18.41.46:211][  0]LogD3D11RHI:      Driver Date: Unknown
[2019.06.15-18.41.46:211][  0]LogRHI: Texture pool is 5656 MB (70% of 8081 MB)
[2019.06.15-18.41.46:254][  0]LogD3D11RHI: [Aftermath] Aftermath enabled and primed
[2019.06.15-18.41.46:254][  0]LogD3D11RHI: [Aftermath] Aftermath enabled and primed
[2019.06.15-18.41.46:255][  0]LogD3D11RHI: Async texture creation enabled
[2019.06.15-18.41.46:267][  0]LogD3D11RHI: GPU Timing Frequency: 1000.000000 (Debug: 2 1)
[2019.06.15-18.41.46:311][  0]LogShaderCompilers: Guid format shader working directory is -11 characters bigger than the processId version (../../../../../../dev/XR_Brain_Jam_2019/GFC2/GFC2Project/Intermediate/Shaders/WorkingDirectory/12972/).
[2019.06.15-18.41.46:312][  0]LogShaderCompilers: Cleaned the shader compiler working directory 'C:/Users/peter/AppData/Local/Temp/UnrealShaderWorkingDir/8FB4DC2B4BD3840C254CE193887CC2F4/'.
[2019.06.15-18.41.46:882][  0]LogTemp: Display: Loaded TP AllDesktopTargetPlatform
[2019.06.15-18.41.46:894][  0]LogTemp: Display: Loaded TP MacClientTargetPlatform
[2019.06.15-18.41.46:906][  0]LogTemp: Display: Loaded TP MacNoEditorTargetPlatform
[2019.06.15-18.41.46:919][  0]LogTemp: Display: Loaded TP MacServerTargetPlatform
[2019.06.15-18.41.46:935][  0]LogTemp: Display: Loaded TP MacTargetPlatform
[2019.06.15-18.41.46:947][  0]LogTemp: Display: Loaded TP WindowsClientTargetPlatform
[2019.06.15-18.41.46:960][  0]LogTemp: Display: Loaded TP WindowsNoEditorTargetPlatform
[2019.06.15-18.41.46:972][  0]LogTemp: Display: Loaded TP WindowsServerTargetPlatform
[2019.06.15-18.41.46:978][  0]LogTemp: Display: Loaded TP WindowsTargetPlatform
[2019.06.15-18.41.46:991][  0]LogTemp: Display: Loaded TP Android_ASTCTargetPlatform
[2019.06.15-18.41.47:002][  0]LogTemp: Display: Loaded TP Android_ATCTargetPlatform
[2019.06.15-18.41.47:012][  0]LogTemp: Display: Loaded TP Android_DXTTargetPlatform
[2019.06.15-18.41.47:024][  0]LogTemp: Display: Loaded TP Android_ETC1aTargetPlatform
[2019.06.15-18.41.47:037][  0]LogTemp: Display: Loaded TP Android_ETC1TargetPlatform
[2019.06.15-18.41.47:048][  0]LogTemp: Display: Loaded TP Android_ETC2TargetPlatform
[2019.06.15-18.41.47:072][  0]LogTemp: Display: Loaded TP Android_MultiTargetPlatform
[2019.06.15-18.41.47:072][  0]LogTemp: Display: Loaded TP Android_PVRTCTargetPlatform
[2019.06.15-18.41.47:087][  0]LogTemp: Display: Loaded TP AndroidTargetPlatform
[2019.06.15-18.41.47:088][  0]LogTemp: Display: Loaded TP HTML5TargetPlatform
[2019.06.15-18.41.47:144][  0]LogTemp: Display: Loaded TP IOSTargetPlatform
[2019.06.15-18.41.47:155][  0]LogTemp: Display: Loaded TP TVOSTargetPlatform
[2019.06.15-18.41.47:173][  0]LogTemp: Display: Loaded TP LinuxClientTargetPlatform
[2019.06.15-18.41.47:194][  0]LogTemp: Display: Loaded TP LinuxNoEditorTargetPlatform
[2019.06.15-18.41.47:205][  0]LogTemp: Display: Loaded TP LinuxServerTargetPlatform
[2019.06.15-18.41.47:220][  0]LogTemp: Display: Loaded TP LinuxTargetPlatform
[2019.06.15-18.41.47:220][  0]LogTargetPlatformManager: Display: Building Assets For Windows
[2019.06.15-18.41.47:499][  0]LogXGEController: Cleaning working directory: C:/Users/peter/AppData/Local/Temp/UnrealXGEWorkingDir/
[2019.06.15-18.41.47:499][  0]LogXGEController: Cannot use XGE Controller as Incredibuild is not installed on this machine.
[2019.06.15-18.41.47:499][  0]LogShaderCompilers: Cannot use XGE Shader Compiler as Incredibuild is not installed on this machine.
[2019.06.15-18.41.47:499][  0]LogShaderCompilers: Display: Using Local Shader Compiler.
[2019.06.15-18.41.48:889][  0]LogDerivedDataCache: Display: Max Cache Size: 512 MB
[2019.06.15-18.41.48:955][  0]LogDerivedDataCache: Loaded boot cache 0.07s 74MB C:/Users/peter/AppData/Local/UnrealEngine/4.19/DerivedDataCache/Boot.ddc.
[2019.06.15-18.41.48:955][  0]LogDerivedDataCache: Display: Loaded Boot cache: C:/Users/peter/AppData/Local/UnrealEngine/4.19/DerivedDataCache/Boot.ddc
[2019.06.15-18.41.48:955][  0]LogDerivedDataCache: FDerivedDataBackendGraph:  Pak pak cache file ../../../../../../dev/XR_Brain_Jam_2019/GFC2/GFC2Project/DerivedDataCache/DDC.ddp not found, will not use a pak cache.
[2019.06.15-18.41.48:955][  0]LogDerivedDataCache: Unable to find inner node Pak for hierarchical cache Hierarchy.
[2019.06.15-18.41.48:955][  0]LogDerivedDataCache: FDerivedDataBackendGraph:  CompressedPak pak cache file ../../../../../../dev/XR_Brain_Jam_2019/GFC2/GFC2Project/DerivedDataCache/Compressed.ddp not found, will not use a pak cache.
[2019.06.15-18.41.48:955][  0]LogDerivedDataCache: Unable to find inner node CompressedPak for hierarchical cache Hierarchy.
[2019.06.15-18.41.48:974][  0]LogDerivedDataCache: Display: Pak cache opened for reading ../../../Engine/DerivedDataCache/Compressed.ddp.
[2019.06.15-18.41.48:987][  0]LogDerivedDataCache: Using Local data cache path C:/Users/peter/AppData/Local/UnrealEngine/Common/DerivedDataCache: Writable
[2019.06.15-18.41.48:987][  0]LogDerivedDataCache: Shared data cache path not found in *engine.ini, will not use an Shared cache.
[2019.06.15-18.41.48:987][  0]LogDerivedDataCache: Unable to find inner node Shared for hierarchical cache Hierarchy.
[2019.06.15-18.41.49:009][  0]LogMaterial: Verifying Global Shaders for PCD3D_SM5
[2019.06.15-18.41.49:010][  0]LogSlate: Using Freetype 2.6.0
[2019.06.15-18.41.49:032][  0]LogSlate: SlateFontCache - WITH_FREETYPE: 1, WITH_HARFBUZZ: 1
[2019.06.15-18.41.49:032][  0]LogSlate: SlateFontCache - WITH_FREETYPE: 1, WITH_HARFBUZZ: 1
[2019.06.15-18.41.50:892][  0]LogAssetRegistry: FAssetRegistry took 0.0263 seconds to start up
[2019.06.15-18.41.51:177][  0]LogInit: Selected Device Profile: [Windows]
[2019.06.15-18.41.51:354][  0]LogSimplygon: Simplygon DLL not present - disabling.
[2019.06.15-18.41.51:356][  0]LogMeshReduction: Using SimplygonSwarm for distributed automatic mesh merging
[2019.06.15-18.41.51:356][  0]LogMeshReduction: Using QuadricMeshReduction for automatic static mesh reduction
[2019.06.15-18.41.51:356][  0]LogMeshReduction: No automatic skeletal mesh reduction module available
[2019.06.15-18.41.51:356][  0]LogMeshReduction: No automatic mesh merging module available
[2019.06.15-18.41.51:356][  0]LogMeshMerging: No automatic mesh merging module available
[2019.06.15-18.41.51:383][  0]LogNetVersion: GFC2Project , NetCL: 3944462, EngineNetVer: 2, GameNetVer: 0 (Checksum: 1727949735)
[2019.06.15-18.41.51:808][  0]LogPackageLocalizationCache: Processed 9 localized package path(s) for 2 prioritized culture(s) in 0.078052 seconds
[2019.06.15-18.41.51:813][  0]LogUObjectArray: 36728 objects as part of root set at end of initial load.
[2019.06.15-18.41.51:813][  0]LogUObjectAllocator: 7314312 out of 0 bytes used by permanent object pool.
[2019.06.15-18.41.51:813][  0]LogUObjectArray: CloseDisregardForGC: 0/0 objects in disregard for GC pool
[2019.06.15-18.41.55:025][  0]LogTcpMessaging: Initializing TcpMessaging bridge
[2019.06.15-18.41.55:051][  0]LogUdpMessaging: Initializing bridge on interface 0.0.0.0:0 to multicast group 230.0.0.1:6666.
[2019.06.15-18.41.55:410][  0]SourceControl: Source control is disabled
[2019.06.15-18.41.56:563][  0]LogAndroidPermission: UAndroidPermissionCallbackProxy::GetInstance
[2019.06.15-18.41.56:720][  0]LogOcInput: OculusInput pre-init called
[2019.06.15-18.41.56:831][  0]LogEngine: Initializing Engine...
[2019.06.15-18.41.56:833][  0]LogHMD: Failed to initialize OpenVR with code 110
[2019.06.15-18.41.56:835][  0]LogStats: UGameplayTagsManager::ConstructGameplayTagTree: Construct from data asset -  0.000 s
[2019.06.15-18.41.56:835][  0]LogStats: UGameplayTagsManager::ConstructGameplayTagTree: GameplayTagTreeChangedEvent.Broadcast -  0.000 s
[2019.06.15-18.41.57:092][  0]LogAIModule: Creating AISystem for world Untitled
[2019.06.15-18.41.57:111][  0]LogInit: XAudio2 using 'Speakers / Headphones (Realtek Audio)' : 6 channels at 48 kHz using 32 bits per sample (channel mask 0x3f)
[2019.06.15-18.41.57:128][  0]LogInit: FAudioDevice initialized.
[2019.06.15-18.41.57:220][  0]LogDerivedDataCache: Saved boot cache 0.09s 74MB C:/Users/peter/AppData/Local/UnrealEngine/4.19/DerivedDataCache/Boot.ddc.
[2019.06.15-18.41.57:232][  0]LogInit: Texture streaming: Enabled
[2019.06.15-18.41.57:243][  0]LogEngineSessionManager: EngineSessionManager initialized
[2019.06.15-18.41.57:259][  0]LogInit: Transaction tracking system initialized
[2019.06.15-18.41.57:278][  0]BlueprintLog: New page: Editor Load
[2019.06.15-18.41.57:338][  0]LocalizationService: Localization service is disabled
[2019.06.15-18.41.57:441][  0]LogConsoleResponse: Display: 
[2019.06.15-18.41.57:597][  0]LogCook: Display: Max memory allowance for cook 16384mb min free memory 0mb
[2019.06.15-18.41.57:597][  0]LogCook: Display: Mobile HDR setting 0
[2019.06.15-18.41.57:597][  0]LogGameplayTags: Display: UGameplayTagsManager::DoneAddingNativeTags. DelegateIsBound: 0
[2019.06.15-18.41.57:597][  0]LogStats: UGameplayTagsManager::ConstructGameplayTagTree: Construct from data asset -  0.000 s
[2019.06.15-18.41.57:597][  0]LogStats: UGameplayTagsManager::ConstructGameplayTagTree: GameplayTagTreeChangedEvent.Broadcast -  0.000 s
[2019.06.15-18.41.57:926][  0]LogFileCache: Scanning file cache for directory 'D:/dev/XR_Brain_Jam_2019/GFC2/GFC2Project/Content/' took 0.02s
[2019.06.15-18.41.57:926][  0]Cmd: MAP LOAD FILE="../../../Engine/Content/Maps/Templates/Template_Default.umap" TEMPLATE=1 SHOWPROGRESS=1 FEATURELEVEL=3
[2019.06.15-18.41.57:930][  0]LightingResults: New page: Lighting Build
[2019.06.15-18.41.57:932][  0]MapCheck: New page: Map Check
[2019.06.15-18.41.57:932][  0]LightingResults: New page: Lighting Build
[2019.06.15-18.41.58:123][  0]LogAIModule: Creating AISystem for world Untitled_1
[2019.06.15-18.41.58:129][  0]LogEditorServer: Finished looking for orphan Actors (0.000 secs)
[2019.06.15-18.41.58:141][  0]Cmd: MAP CHECKDEP NOCLEARLOG
[2019.06.15-18.41.58:178][  0]MapCheck: Map check complete: 0 Error(s), 0 Warning(s), took 36.735ms to complete.
[2019.06.15-18.41.58:178][  0]LogFileHelpers: Loading map 'Template_Default' took 0.252
[2019.06.15-18.41.58:371][  0]LogCollectionManager: Loaded 0 collections in 0.001410 seconds
[2019.06.15-18.41.58:416][  0]LogFileCache: Scanning file cache for directory 'D:/dev/XR_Brain_Jam_2019/GFC2/GFC2Project/Saved/Collections/' took 0.01s
[2019.06.15-18.41.58:416][  0]LogFileCache: Scanning file cache for directory 'D:/dev/XR_Brain_Jam_2019/GFC2/GFC2Project/Content/Developers/peter/Collections/' took 0.01s
[2019.06.15-18.41.58:416][  0]LogFileCache: Scanning file cache for directory 'D:/dev/XR_Brain_Jam_2019/GFC2/GFC2Project/Content/Collections/' took 0.01s
[2019.06.15-18.41.58:416][  0]LogCollectionManager: Rebuilt the GUID cache for 0 collections in 0.000001 seconds
[2019.06.15-18.41.58:427][  0]LogContentBrowser: Native class hierarchy populated in 0.0115 seconds. Added 2452 classes and 558 folders.
[2019.06.15-18.41.58:433][  0]LogContentBrowser: Native class hierarchy updated for 'WidgetCarousel' in 0.0002 seconds. Added 0 classes and 0 folders.
[2019.06.15-18.41.58:687][  0]LogContentBrowser: Native class hierarchy updated for 'AddContentDialog' in 0.0002 seconds. Added 0 classes and 0 folders.
[2019.06.15-18.41.58:690][  0]LogContentBrowser: Native class hierarchy updated for 'SceneOutliner' in 0.0002 seconds. Added 1 classes and 2 folders.
[2019.06.15-18.41.58:698][  0]LogContentBrowser: Native class hierarchy updated for 'WorldBrowser' in 0.0002 seconds. Added 2 classes and 3 folders.
[2019.06.15-18.41.58:718][  0]LogSlate: Took 0.004177 seconds to synchronously load lazily loaded font '../../../Engine/Content/Slate/Fonts/Roboto-Regular.ttf' (155K)
[2019.06.15-18.41.58:724][  0]LogSlate: Took 0.004329 seconds to synchronously load lazily loaded font '../../../Engine/Content/Slate/Fonts/Roboto-Bold.ttf' (160K)
[2019.06.15-18.41.58:732][  0]LogSlate: Took 0.003375 seconds to synchronously load lazily loaded font '../../../Engine/Content/Editor/Slate/Fonts/FontAwesome.ttf' (139K)
[2019.06.15-18.41.58:822][  0]LogRenderer: Reallocating scene render targets to support 784x436 Format 10 NumSamples 1 (Frame:1).
[2019.06.15-18.41.58:917][  0]LogContentBrowser: Native class hierarchy updated for 'HierarchicalLODOutliner' in 0.0002 seconds. Added 0 classes and 0 folders.
[2019.06.15-18.41.58:917][  0]LogLoad: (Engine Initialization) Total time: 19.13 seconds
[2019.06.15-18.41.58:917][  0]LogLoad: (Engine Initialization) Total Blueprint compile time: 0.00 seconds
[2019.06.15-18.41.59:286][  0]LogContentStreaming: Texture pool size now 1000 MB
[2019.06.15-18.42.00:285][  3]LogSlate: Took 0.000706 seconds to synchronously load lazily loaded font '../../../Engine/Content/Slate/Fonts/Roboto-Light.ttf' (167K)
[2019.06.15-18.42.00:642][  4]LogSlate: Took 0.000562 seconds to synchronously load lazily loaded font '../../../Engine/Content/Slate/Fonts/Roboto-Light.ttf' (167K)
[2019.06.15-18.42.01:273][  6]LogAssetRegistry: Asset discovery search completed in 10.4036 seconds
[2019.06.15-18.42.01:279][  6]LogCollectionManager: Rebuilt the object cache for 0 collections in 0.000001 seconds (found 0 objects)
[2019.06.15-18.42.01:279][  6]LogCollectionManager: Fixed up redirectors for 0 collections in 0.000127 seconds (updated 0 objects)
[2019.06.15-18.42.48:969][285]LogSlate: FSceneViewport::OnFocusLost() reason 0
[2019.06.15-18.42.49:085][291]LogUObjectGlobals: Created PersistentFrame Addr=0x000001d1a19ce320, Size=16, Default__Pyramid_Blueprint_C Function /Game/Peter/Pyramid_Blueprint.Pyramid_Blueprint_C:ExecuteUbergraph_Pyramid_Blueprint
[2019.06.15-18.42.49:088][291]LogUObjectGlobals: Destroyed PersistentFrame Addr=0x000001d1a19ce320, Size=16
[2019.06.15-18.42.49:088][291]LogUObjectGlobals: Created PersistentFrame Addr=0x000001d1a19ce320, Size=16, Default__Pyramid_Blueprint_C Function /Engine/Transient.REINST_Pyramid_Blueprint_C_5:ExecuteUbergraph_Pyramid_Blueprint
[2019.06.15-18.42.49:090][291]LogUObjectGlobals: Created PersistentFrame Addr=0x000001d1a198fa30, Size=16, Default__Pyramid_Blueprint_C Function /Game/Peter/Pyramid_Blueprint.Pyramid_Blueprint_C:ExecuteUbergraph_Pyramid_Blueprint
[2019.06.15-18.42.49:377][291]LogContentBrowser: Native class hierarchy updated for 'BlueprintGraph' in 0.0005 seconds. Added 116 classes and 0 folders.
[2019.06.15-18.42.49:663][291]LogUObjectGlobals: Created PersistentFrame Addr=0x000001d1a8a3e008, Size=4, Default__SKEL_PROTO_BP_AnimBlueprint_0_C Function /Engine/Transient.SKEL_PROTO_BP_AnimBlueprint_0_C:ExecuteUbergraph_PROTO_BP_AnimBlueprint_0
[2019.06.15-18.42.49:663][291]LogUObjectGlobals: Created PersistentFrame Addr=0x000001d1a8a3e000, Size=4, Default__PROTO_BP_AnimBlueprint_0_C Function /Engine/Transient.PROTO_BP_AnimBlueprint_0_C:ExecuteUbergraph_PROTO_BP_AnimBlueprint_0
[2019.06.15-18.42.50:066][291]LogSlate: Took 0.000230 seconds to synchronously load lazily loaded font '../../../Engine/Content/Slate/Fonts/Roboto-BoldCondensed.ttf' (158K)
[2019.06.15-18.42.52:068][404]LogSlate: Took 0.000167 seconds to synchronously load lazily loaded font '../../../Engine/Content/Slate/Fonts/Roboto-Italic.ttf' (157K)
[2019.06.15-18.43.11:017][531]BlueprintLog: New page: Compile Pyramid_Blueprint
[2019.06.15-18.43.11:029][531]LogUObjectGlobals: Destroyed PersistentFrame Addr=0x000001d1a198fa30, Size=16
[2019.06.15-18.43.11:029][531]LogUObjectGlobals: Created PersistentFrame Addr=0x000001d1b4b8a010, Size=16, Pyramid_Blueprint_C_2 Function /Engine/Transient.REINST_Pyramid_Blueprint_C_21:ExecuteUbergraph_Pyramid_Blueprint
[2019.06.15-18.43.11:031][531]LogUObjectGlobals: Created PersistentFrame Addr=0x000001d1b4b8ad70, Size=16, Default__Pyramid_Blueprint_C Function /Game/Peter/Pyramid_Blueprint.Pyramid_Blueprint_C:ExecuteUbergraph_Pyramid_Blueprint
[2019.06.15-18.43.11:240][531]LogUObjectGlobals: Destroyed PersistentFrame Addr=0x000001d1a19ce320, Size=16
[2019.06.15-18.43.12:191][578]LogSlate: FSceneViewport::OnFocusLost() reason 2
[2019.06.15-18.43.12:220][578]Cmd: OBJ SAVEPACKAGE PACKAGE="/Game/Peter/Pyramid_Blueprint" FILE="../../../../../../dev/XR_Brain_Jam_2019/GFC2/GFC2Project/Content/Peter/Pyramid_Blueprint.uasset" SILENT=true
[2019.06.15-18.43.12:300][578]LogSavePackage: Save=70.56ms
[2019.06.15-18.43.12:300][578]LogSavePackage: Moving '../../../../../../dev/XR_Brain_Jam_2019/GFC2/GFC2Project/Saved/Pyramid_BlueprintADC09B614828C0FA1A29FFA120027145.tmp' to '../../../../../../dev/XR_Brain_Jam_2019/GFC2/GFC2Project/Content/Peter/Pyramid_Blueprint.uasset'
[2019.06.15-18.43.12:303][578]LogSavePackage: Display: Finished SavePackage ../../../../../../dev/XR_Brain_Jam_2019/GFC2/GFC2Project/Content/Peter/Pyramid_Blueprint.uasset
[2019.06.15-18.43.19:231][896]LogSlate: FSceneViewport::OnFocusLost() reason 2
[2019.06.15-18.43.24:239][195]LogSlate: FSceneViewport::OnFocusLost() reason 0
[2019.06.15-18.43.24:672][215]LogAIModule: Creating AISystem for world Test_Level
[2019.06.15-18.43.24:696][215]LogUObjectGlobals: Destroyed PersistentFrame Addr=0x000001d1b4b8a010, Size=16
[2019.06.15-18.43.24:698][215]Cmd: MAP LOAD FILE="../../../../../../dev/XR_Brain_Jam_2019/GFC2/GFC2Project/Content/Peter/Test_Level.umap" TEMPLATE=0 SHOWPROGRESS=1 FEATURELEVEL=3
[2019.06.15-18.43.24:698][215]LightingResults: New page: Lighting Build
[2019.06.15-18.43.24:698][215]LoadErrors: New page: Loading map: Test_Level.umap
[2019.06.15-18.43.24:699][215]MapCheck: New page: Map Check
[2019.06.15-18.43.24:699][215]LightingResults: New page: Lighting Build
[2019.06.15-18.43.24:722][215]LogEditorServer: Finished looking for orphan Actors (0.000 secs)
[2019.06.15-18.43.24:763][215]Cmd: MAP CHECKDEP NOCLEARLOG
[2019.06.15-18.43.24:803][215]MapCheck: Map check complete: 0 Error(s), 0 Warning(s), took 41.483ms to complete.
[2019.06.15-18.43.24:803][215]LogFileHelpers: Loading map 'Test_Level' took 0.107
[2019.06.15-18.43.26:052][289]LogTemp: Repeating last play command: Selected Viewport
[2019.06.15-18.43.26:069][289]LogPlayLevel: PlayLevel: No blueprints needed recompiling
[2019.06.15-18.43.26:069][289]PIE: New page: PIE session: Test_Level (Jun 15, 2019, 10:43:26 AM)
[2019.06.15-18.43.26:069][289]LogPlayLevel: Creating play world package: /Game/Peter/UEDPIE_0_Test_Level
[2019.06.15-18.43.26:071][289]LogPlayLevel: PIE: StaticDuplicateObject took: (0.002012s)
[2019.06.15-18.43.26:072][289]LogAIModule: Creating AISystem for world Test_Level
[2019.06.15-18.43.26:072][289]LogPlayLevel: PIE: World Init took: (0.000605s)
[2019.06.15-18.43.26:072][289]LogPlayLevel: PIE: Created PIE world by copying editor world from /Game/Peter/Test_Level.Test_Level to /Game/Peter/UEDPIE_0_Test_Level.Test_Level (0.002723s)
[2019.06.15-18.43.26:104][289]LogInit: XAudio2 using 'Speakers / Headphones (Realtek Audio)' : 6 channels at 48 kHz using 32 bits per sample (channel mask 0x3f)
[2019.06.15-18.43.26:116][289]LogInit: FAudioDevice initialized.
[2019.06.15-18.43.26:158][289]LogLoad: Game class is 'GameModeBase'
[2019.06.15-18.43.26:160][289]LogWorld: Bringing World /Game/Peter/UEDPIE_0_Test_Level.Test_Level up for play (max tick rate 60) at 2019.06.15-14.43.26
[2019.06.15-18.43.26:161][289]LogWorld: Bringing up level for play took: 0.000871
[2019.06.15-18.43.26:168][289]LogContentBrowser: Native class hierarchy updated for 'MovieSceneCapture' in 0.0002 seconds. Added 11 classes and 0 folders.
[2019.06.15-18.43.26:169][289]PIE: Play in editor start time for /Game/Peter/UEDPIE_0_Test_Level -0.874
[2019.06.15-18.44.14:926][187]LogStaticMesh: Building static mesh sm_GridRoom...
[2019.06.15-18.44.15:239][187]LogStaticMesh: Built static mesh [0.31s] /Game/0-Shared/sm_GridRoom.sm_GridRoom
[2019.06.15-18.44.16:358][188]LogRenderer: Reallocating scene render targets to support 1144x708 Format 10 NumSamples 1 (Frame:1).
[2019.06.15-18.44.23:046][585]LogSlate: FSceneViewport::OnFocusLost() reason 0
[2019.06.15-19.01.28:256][343]EditorErrors: New page: Actor attachment
[2019.06.15-19.01.29:761][433]Cmd: TRANSACTION UNDO
[2019.06.15-19.01.29:761][433]LogEditorTransaction: Undo Attach actors
[2019.06.15-19.01.54:146][889]LogFileHelpers: Editor autosave (incl. sublevels) for '/Game/Peter/Test_Level' took 0.021
[2019.06.15-19.02.01:782][327]LogEditorViewport: Clicking on Actor (LMB): Pyramid_Blueprint_C (Pyramid_Blueprint)
[2019.06.15-19.02.03:877][447]LogSlate: FSceneViewport::OnFocusLost() reason 0
[2019.06.15-19.02.49:702][180]LogEditorViewport: Clicking on Actor (LMB): StaticMeshActor (Cube)
[2019.06.15-19.02.58:403][700]LogSlate: FSceneViewport::OnFocusLost() reason 0
[2019.06.15-19.03.02:127][920]LogSlate: Window 'Select Path' being destroyed
[2019.06.15-19.03.32:446][650]BlueprintLog: New page: Compile Cube_Blueprint
[2019.06.15-19.03.33:394][681]Cmd: OBJ SAVEPACKAGE PACKAGE="/Game/Peter/Cube_Blueprint" FILE="../../../../../../dev/XR_Brain_Jam_2019/GFC2/GFC2Project/Content/Peter/Cube_Blueprint.uasset" SILENT=true
[2019.06.15-19.03.33:417][681]LogSavePackage: Save=19.43ms
[2019.06.15-19.03.33:417][681]LogSavePackage: Moving '../../../../../../dev/XR_Brain_Jam_2019/GFC2/GFC2Project/Saved/Cube_BlueprintF4CE7D404341DDB718C9A78BBDEA957C.tmp' to '../../../../../../dev/XR_Brain_Jam_2019/GFC2/GFC2Project/Content/Peter/Cube_Blueprint.uasset'
[2019.06.15-19.03.33:420][681]LogSavePackage: Display: Finished SavePackage ../../../../../../dev/XR_Brain_Jam_2019/GFC2/GFC2Project/Content/Peter/Cube_Blueprint.uasset
[2019.06.15-19.03.47:856][513]LogEditorViewport: Clicking on Actor (LMB): Cube_Blueprint_C (Cube_Blueprint)
[2019.06.15-19.03.49:985][639]LogEditorViewport: Clicking on Actor (LMB): Cube_Blueprint_C (Cube_Blueprint)
[2019.06.15-19.03.53:290][836]LogSlate: FSceneViewport::OnFocusLost() reason 0
[2019.06.15-19.03.55:511][966]LogEditorViewport: Clicking on Actor (LMB): Pyramid_Blueprint_C (Pyramid_Blueprint)
[2019.06.15-19.04.00:025][232]LogSlate: FSceneViewport::OnFocusLost() reason 0
[2019.06.15-19.04.14:671][107]LogSlate: FSceneViewport::OnFocusLost() reason 0
[2019.06.15-19.04.18:540][333]Cmd: OBJ SAVEPACKAGE PACKAGE="/Game/Peter/Test_Level" FILE="../../../../../../dev/XR_Brain_Jam_2019/GFC2/GFC2Project/Content/Peter/Test_Level.umap" SILENT=true AUTOSAVING=false KEEPDIRTY=false
[2019.06.15-19.04.18:602][333]LogSavePackage: Save=30.80ms
[2019.06.15-19.04.18:602][333]LogSavePackage: Moving '../../../../../../dev/XR_Brain_Jam_2019/GFC2/GFC2Project/Saved/Test_Level239DB6AD466BEE4D773C75A9BB940F32.tmp' to '../../../../../../dev/XR_Brain_Jam_2019/GFC2/GFC2Project/Content/Peter/Test_Level.umap'
[2019.06.15-19.04.18:606][333]LogSavePackage: Display: Finished SavePackage ../../../../../../dev/XR_Brain_Jam_2019/GFC2/GFC2Project/Content/Peter/Test_Level.umap
[2019.06.15-19.06.54:747][561]LogSelectionDetails: Warning: NavigateToFunctionSource:  Unable to find symbols for 'UGameplayStatics::GetAllActorsWithTag' [Element not found.]
[2019.06.15-19.07.04:570][143]BlueprintLog: New page: Compile Pyramid_Blueprint
[2019.06.15-19.07.04:582][143]LogUObjectGlobals: Destroyed PersistentFrame Addr=0x000001d1b4b8ad70, Size=16
[2019.06.15-19.07.04:582][143]LogUObjectGlobals: Created PersistentFrame Addr=0x000001d1bd845a50, Size=16, Default__Pyramid_Blueprint_C Function /Engine/Transient.REINST_Pyramid_Blueprint_C_41:ExecuteUbergraph_Pyramid_Blueprint
[2019.06.15-19.07.04:585][143]LogUObjectGlobals: Created PersistentFrame Addr=0x000001d1bd9833f8, Size=40, Default__Pyramid_Blueprint_C Function /Game/Peter/Pyramid_Blueprint.Pyramid_Blueprint_C:ExecuteUbergraph_Pyramid_Blueprint
[2019.06.15-19.07.16:450][782]LogUObjectGlobals: Created PersistentFrame Addr=0x000001d1bcc752d0, Size=4, Default__SKEL_Pyramid_Blueprint_C Function /Game/Peter/Pyramid_Blueprint.SKEL_Pyramid_Blueprint_C:ExecuteUbergraph_Pyramid_Blueprint
[2019.06.15-19.07.21:849][101]LogUObjectGlobals: Destroyed PersistentFrame Addr=0x000001d1bcc752d0, Size=4
[2019.06.15-19.07.21:849][101]LogUObjectGlobals: Created PersistentFrame Addr=0x000001d1bcc752d0, Size=4, Default__SKEL_Pyramid_Blueprint_C Function /Engine/Transient.REINST_SKEL_Pyramid_Blueprint_C_45:ExecuteUbergraph_Pyramid_Blueprint
[2019.06.15-19.07.21:851][101]LogUObjectGlobals: Created PersistentFrame Addr=0x000001d1bcc76a28, Size=4, Default__SKEL_Pyramid_Blueprint_C Function /Game/Peter/Pyramid_Blueprint.SKEL_Pyramid_Blueprint_C:ExecuteUbergraph_Pyramid_Blueprint
[2019.06.15-19.07.52:654][891]LogUObjectGlobals: Destroyed PersistentFrame Addr=0x000001d1bcc76a28, Size=4
[2019.06.15-19.07.52:654][891]LogUObjectGlobals: Created PersistentFrame Addr=0x000001d22aa33a18, Size=4, Default__SKEL_Pyramid_Blueprint_C Function /Engine/Transient.REINST_SKEL_Pyramid_Blueprint_C_47:ExecuteUbergraph_Pyramid_Blueprint
[2019.06.15-19.07.52:657][891]LogUObjectGlobals: Created PersistentFrame Addr=0x000001d22aa337c0, Size=4, Default__SKEL_Pyramid_Blueprint_C Function /Game/Peter/Pyramid_Blueprint.SKEL_Pyramid_Blueprint_C:ExecuteUbergraph_Pyramid_Blueprint
[2019.06.15-19.08.00:229][325]BlueprintLog: New page: Compile Pyramid_Blueprint
[2019.06.15-19.08.00:237][325]LogUObjectGlobals: Destroyed PersistentFrame Addr=0x000001d22aa337c0, Size=4
[2019.06.15-19.08.00:237][325]LogUObjectGlobals: Created PersistentFrame Addr=0x000001d22a24db50, Size=4, Default__SKEL_Pyramid_Blueprint_C Function /Engine/Transient.REINST_SKEL_Pyramid_Blueprint_C_49:ExecuteUbergraph_Pyramid_Blueprint
[2019.06.15-19.08.00:245][325]LogUObjectGlobals: Destroyed PersistentFrame Addr=0x000001d1bd9833f8, Size=40
[2019.06.15-19.08.00:245][325]LogUObjectGlobals: Created PersistentFrame Addr=0x000001d22a7aa930, Size=40, Pyramid_Blueprint_C_5 Function /Engine/Transient.REINST_Pyramid_Blueprint_C_51:ExecuteUbergraph_Pyramid_Blueprint
[2019.06.15-19.08.00:249][325]LogUObjectGlobals: Created PersistentFrame Addr=0x000001d22b432710, Size=56, Default__Pyramid_Blueprint_C Function /Game/Peter/Pyramid_Blueprint.Pyramid_Blueprint_C:ExecuteUbergraph_Pyramid_Blueprint
[2019.06.15-19.08.00:584][325]LogUObjectGlobals: Destroyed PersistentFrame Addr=0x000001d1bd845a50, Size=16
[2019.06.15-19.08.00:584][325]LogUObjectGlobals: Destroyed PersistentFrame Addr=0x000001d22a24db50, Size=4
[2019.06.15-19.08.33:769][190]BlueprintLog: New page: Compile Pyramid_Blueprint
[2019.06.15-19.08.33:783][190]LogUObjectGlobals: Destroyed PersistentFrame Addr=0x000001d22b432710, Size=56
[2019.06.15-19.08.33:783][190]LogUObjectGlobals: Created PersistentFrame Addr=0x000001d22e0d7430, Size=56, Default__Pyramid_Blueprint_C Function /Engine/Transient.REINST_Pyramid_Blueprint_C_55:ExecuteUbergraph_Pyramid_Blueprint
[2019.06.15-19.08.33:786][190]LogUObjectGlobals: Created PersistentFrame Addr=0x000001d1bf218db0, Size=80, Default__Pyramid_Blueprint_C Function /Game/Peter/Pyramid_Blueprint.Pyramid_Blueprint_C:ExecuteUbergraph_Pyramid_Blueprint
[2019.06.15-19.08.34:057][190]LogUObjectGlobals: Destroyed PersistentFrame Addr=0x000001d22a7aa930, Size=40
[2019.06.15-19.08.36:328][317]Cmd: OBJ SAVEPACKAGE PACKAGE="/Game/Peter/Pyramid_Blueprint" FILE="../../../../../../dev/XR_Brain_Jam_2019/GFC2/GFC2Project/Content/Peter/Pyramid_Blueprint.uasset" SILENT=true
[2019.06.15-19.08.36:374][317]LogSavePackage: Save=34.59ms
[2019.06.15-19.08.36:374][317]LogSavePackage: Moving '../../../../../../dev/XR_Brain_Jam_2019/GFC2/GFC2Project/Saved/Pyramid_BlueprintA9B903E84A01BD6F10D3B4A78FE6868E.tmp' to '../../../../../../dev/XR_Brain_Jam_2019/GFC2/GFC2Project/Content/Peter/Pyramid_Blueprint.uasset'
[2019.06.15-19.08.36:378][317]LogSavePackage: Display: Finished SavePackage ../../../../../../dev/XR_Brain_Jam_2019/GFC2/GFC2Project/Content/Peter/Pyramid_Blueprint.uasset
[2019.06.15-19.08.39:647][513]LogTemp: Repeating last play command: Selected Viewport
[2019.06.15-19.08.39:669][513]LogPlayLevel: PlayLevel: No blueprints needed recompiling
[2019.06.15-19.08.39:669][513]PIE: New page: PIE session: Test_Level (Jun 15, 2019, 11:08:39 AM)
[2019.06.15-19.08.39:669][513]LogPlayLevel: Creating play world package: /Game/Peter/UEDPIE_0_Test_Level
[2019.06.15-19.08.39:672][513]LogPlayLevel: PIE: StaticDuplicateObject took: (0.002248s)
[2019.06.15-19.08.39:672][513]LogAIModule: Creating AISystem for world Test_Level
[2019.06.15-19.08.39:672][513]LogPlayLevel: PIE: World Init took: (0.000549s)
[2019.06.15-19.08.39:672][513]LogPlayLevel: PIE: Created PIE world by copying editor world from /Game/Peter/Test_Level.Test_Level to /Game/Peter/UEDPIE_0_Test_Level.Test_Level (0.002904s)
[2019.06.15-19.08.39:692][513]LogUObjectGlobals: Destroyed PersistentFrame Addr=0x000001d22e0d7430, Size=56
[2019.06.15-19.08.39:710][513]LogInit: XAudio2 using 'Speakers / Headphones (Realtek Audio)' : 6 channels at 48 kHz using 32 bits per sample (channel mask 0x3f)
[2019.06.15-19.08.39:723][513]LogInit: FAudioDevice initialized.
[2019.06.15-19.08.39:752][513]LogLoad: Game class is 'GameModeBase'
[2019.06.15-19.08.39:754][513]LogWorld: Bringing World /Game/Peter/UEDPIE_0_Test_Level.Test_Level up for play (max tick rate 60) at 2019.06.15-15.08.39
[2019.06.15-19.08.39:754][513]LogWorld: Bringing up level for play took: 0.000886
[2019.06.15-19.08.39:796][513]LogBlueprintUserMessages: [Cube_Blueprint] Hello
[2019.06.15-19.08.39:797][513]PIE: Play in editor start time for /Game/Peter/UEDPIE_0_Test_Level 0.754
[2019.06.15-19.08.48:506][ 25]Cmd: OBJ SAVEPACKAGE PACKAGE="/Game/Peter/Test_Level" FILE="../../../../../../dev/XR_Brain_Jam_2019/GFC2/GFC2Project/Content/Peter/Test_Level.umap" SILENT=true AUTOSAVING=false KEEPDIRTY=false
[2019.06.15-19.08.48:565][ 25]LogSavePackage: Save=32.86ms
[2019.06.15-19.08.48:565][ 25]LogSavePackage: Moving '../../../../../../dev/XR_Brain_Jam_2019/GFC2/GFC2Project/Saved/Test_Level0B7B2E3A4B9E90792DCC94A9EF6076C6.tmp' to '../../../../../../dev/XR_Brain_Jam_2019/GFC2/GFC2Project/Content/Peter/Test_Level.umap'
[2019.06.15-19.08.48:569][ 25]LogSavePackage: Display: Finished SavePackage ../../../../../../dev/XR_Brain_Jam_2019/GFC2/GFC2Project/Content/Peter/Test_Level.umap
[2019.06.15-19.16.38:630][147]LogUObjectGlobals: Created PersistentFrame Addr=0x000001d228e06498, Size=4, Default__SKEL_Pyramid_Blueprint_C Function /Game/Peter/Pyramid_Blueprint.SKEL_Pyramid_Blueprint_C:ExecuteUbergraph_Pyramid_Blueprint
[2019.06.15-19.16.40:296][238]LogSlate: Took 0.000216 seconds to synchronously load lazily loaded font '../../../Engine/Content/Slate/Fonts/Roboto-BoldCondensedItalic.ttf' (160K)
[2019.06.15-19.18.49:040][733]LogUObjectGlobals: Destroyed PersistentFrame Addr=0x000001d22aa33a18, Size=4
[2019.06.15-19.18.49:040][733]LogUObjectGlobals: Destroyed PersistentFrame Addr=0x000001d1bcc752d0, Size=4
[2019.06.15-19.18.49:040][733]LogFileHelpers: Editor autosave (incl. sublevels) for '/Game/Peter/Test_Level' took 0.042
[2019.06.15-19.18.49:043][733]OBJ SavePackage: Generating thumbnails for [1] asset(s) in package [/Game/Peter/Pyramid_Blueprint] ([1] browsable assets)...
[2019.06.15-19.18.49:067][733]OBJ SavePackage:     Rendered thumbnail for [Blueprint /Game/Peter/Pyramid_Blueprint.Pyramid_Blueprint]
[2019.06.15-19.18.49:067][733]OBJ SavePackage: Finished generating thumbnails for package [/Game/Peter/Pyramid_Blueprint]
[2019.06.15-19.18.49:114][733]LogSavePackage: Save=33.16ms
[2019.06.15-19.18.49:114][733]LogSavePackage: Moving '../../../../../../dev/XR_Brain_Jam_2019/GFC2/GFC2Project/Saved/Pyramid_Blueprint_Auto1150B37194A0E8A5C0D4729B05C9165C1.tmp' to '../../../../../../dev/XR_Brain_Jam_2019/GFC2/GFC2Project/Saved/Autosaves/Game/Peter/Pyramid_Blueprint_Auto1.uasset'
[2019.06.15-19.18.49:116][733]LogSavePackage: Display: Finished SavePackage ../../../../../../dev/XR_Brain_Jam_2019/GFC2/GFC2Project/Saved/Autosaves/Game/Peter/Pyramid_Blueprint_Auto1.uasset
[2019.06.15-19.18.49:116][733]LogFileHelpers: Auto-saving content packages took 0.074
[2019.06.15-19.20.30:996][208]BlueprintLog: New page: Compile Pyramid_Blueprint
[2019.06.15-19.20.31:004][208]LogUObjectGlobals: Destroyed PersistentFrame Addr=0x000001d228e06498, Size=4
[2019.06.15-19.20.31:004][208]LogUObjectGlobals: Created PersistentFrame Addr=0x000001d229479768, Size=4, Default__SKEL_Pyramid_Blueprint_C Function /Engine/Transient.REINST_SKEL_Pyramid_Blueprint_C_59:ExecuteUbergraph_Pyramid_Blueprint
[2019.06.15-19.20.31:011][208]LogUObjectGlobals: Destroyed PersistentFrame Addr=0x000001d1bf218db0, Size=80
[2019.06.15-19.20.31:011][208]LogUObjectGlobals: Created PersistentFrame Addr=0x000001d20a957740, Size=80, Default__Pyramid_Blueprint_C Function /Engine/Transient.REINST_Pyramid_Blueprint_C_61:ExecuteUbergraph_Pyramid_Blueprint
[2019.06.15-19.20.31:014][208]LogUObjectGlobals: Created PersistentFrame Addr=0x000001d1b6842980, Size=80, Default__Pyramid_Blueprint_C Function /Game/Peter/Pyramid_Blueprint.Pyramid_Blueprint_C:ExecuteUbergraph_Pyramid_Blueprint
[2019.06.15-19.20.31:282][208]LogUObjectGlobals: Destroyed PersistentFrame Addr=0x000001d229479768, Size=4
[2019.06.15-19.20.42:444][857]Cmd: OBJ SAVEPACKAGE PACKAGE="/Game/Peter/Pyramid_Blueprint" FILE="../../../../../../dev/XR_Brain_Jam_2019/GFC2/GFC2Project/Content/Peter/Pyramid_Blueprint.uasset" SILENT=true
[2019.06.15-19.20.42:484][857]LogSavePackage: Save=33.84ms
[2019.06.15-19.20.42:484][857]LogSavePackage: Moving '../../../../../../dev/XR_Brain_Jam_2019/GFC2/GFC2Project/Saved/Pyramid_BlueprintDC134B384BBC197D7243109FE2242A57.tmp' to '../../../../../../dev/XR_Brain_Jam_2019/GFC2/GFC2Project/Content/Peter/Pyramid_Blueprint.uasset'
[2019.06.15-19.20.42:487][857]LogSavePackage: Display: Finished SavePackage ../../../../../../dev/XR_Brain_Jam_2019/GFC2/GFC2Project/Content/Peter/Pyramid_Blueprint.uasset
[2019.06.15-19.20.47:489][148]LogAIModule: Creating AISystem for world master_InvalidAssumptions
[2019.06.15-19.20.47:512][148]LogUObjectGlobals: Destroyed PersistentFrame Addr=0x000001d20a957740, Size=80
[2019.06.15-19.20.49:502][148]LogSlate: Window 'Save Content' being destroyed
[2019.06.15-19.20.49:640][148]Cmd: OBJ SAVEPACKAGE PACKAGE="/Game/Peter/Test_Level" FILE="../../../../../../dev/XR_Brain_Jam_2019/GFC2/GFC2Project/Content/Peter/Test_Level.umap" SILENT=true AUTOSAVING=false KEEPDIRTY=false
[2019.06.15-19.20.49:736][148]LogSavePackage: Save=65.86ms
[2019.06.15-19.20.49:736][148]LogSavePackage: Moving '../../../../../../dev/XR_Brain_Jam_2019/GFC2/GFC2Project/Saved/Test_Level04229C1148FE82891E26BF92AF01BD3A.tmp' to '../../../../../../dev/XR_Brain_Jam_2019/GFC2/GFC2Project/Content/Peter/Test_Level.umap'
[2019.06.15-19.20.49:740][148]LogSavePackage: Display: Finished SavePackage ../../../../../../dev/XR_Brain_Jam_2019/GFC2/GFC2Project/Content/Peter/Test_Level.umap
[2019.06.15-19.20.49:760][148]LogFileHelpers: Saving map 'Test_Level' took 0.170
[2019.06.15-19.20.49:761][148]Cmd: MAP LOAD FILE="../../../../../../dev/XR_Brain_Jam_2019/GFC2/GFC2Project/Content/master_InvalidAssumptions.umap" TEMPLATE=0 SHOWPROGRESS=1 FEATURELEVEL=3
[2019.06.15-19.20.49:761][148]LightingResults: New page: Lighting Build
[2019.06.15-19.20.49:762][148]LoadErrors: New page: Loading map: master_InvalidAssumptions.umap
[2019.06.15-19.20.49:763][148]MapCheck: New page: Map Check
[2019.06.15-19.20.49:763][148]LightingResults: New page: Lighting Build
[2019.06.15-19.20.49:786][148]LogStreaming: Display: ULevelStreaming::RequestLevel(/Game/Maps/sub_Anthony) is flushing async loading
[2019.06.15-19.20.50:091][148]LogStaticMesh: Building static mesh SM_Crate02...
[2019.06.15-19.20.50:098][148]LogStaticMesh: Built static mesh [0.01s] /Game/scifi_kitbash/meshes/SM_Crate02.SM_Crate02
[2019.06.15-19.20.52:517][148]LogTexture: Display: Building textures: T_Wall01_AO (AutoDXT, 2048X1024)
[2019.06.15-19.20.52:517][148]LogTexture: Display: Building textures: T_Wall01_MT (AutoDXT, 2048X1024)
[2019.06.15-19.20.52:517][148]LogTexture: Display: Building textures: T_Wall01_R (AutoDXT, 2048X1024)
[2019.06.15-19.20.52:517][148]LogTexture: Display: Building textures: T_Wall01_BC (AutoDXT, 2048X1024)
[2019.06.15-19.20.52:517][148]LogTexture: Display: Building textures: T_Wall01_N (BC5, 2048X1024)
[2019.06.15-19.20.52:517][148]LogTexture: Display: Building textures: T_Crate_AO (AutoDXT, 2048X2048)
[2019.06.15-19.20.52:517][148]LogTexture: Display: Building textures: T_Crate_BC (AutoDXT, 2048X2048)
[2019.06.15-19.20.52:517][148]LogTexture: Display: Building textures: T_Crate_N (BC5, 2048X2048)
[2019.06.15-19.20.52:517][148]LogTexture: Display: Building textures: T_Crate_R (AutoDXT, 2048X2048)
[2019.06.15-19.20.52:517][148]LogMaterial: Missing cached shader map for material M_Wall01, compiling. 
[2019.06.15-19.20.54:103][148]LogShaderCompilers: Display: Shaders left to compile 31
[2019.06.15-19.20.54:103][148]LogShaderCompilers: Display: Shaders left to compile 21
[2019.06.15-19.20.54:103][148]LogShaderCompilers: Display: Shaders left to compile 11
[2019.06.15-19.20.54:103][148]LogShaderCompilers: Display: Shaders left to compile 1
[2019.06.15-19.20.54:131][148]LogStreaming: Display: ULevelStreaming::RequestLevel(/Game/Maps/sub_Peter) is flushing async loading
[2019.06.15-19.20.54:150][148]LogStreaming: Display: ULevelStreaming::RequestLevel(/Game/Maps/sub_Sound) is flushing async loading
[2019.06.15-19.20.54:156][148]LogStreaming: Display: ULevelStreaming::RequestLevel(/Game/Maps/sub_Xun) is flushing async loading
[2019.06.15-19.20.54:165][148]LogEditorServer: Finished looking for orphan Actors (0.000 secs)
[2019.06.15-19.20.54:227][148]Cmd: MAP CHECKDEP NOCLEARLOG
[2019.06.15-19.20.54:287][148]MapCheck: Map check complete: 0 Error(s), 0 Warning(s), took 59.955ms to complete.
[2019.06.15-19.20.54:287][148]LogFileHelpers: Loading map 'master_InvalidAssumptions' took 4.527
[2019.06.15-19.21.22:171][ 85]LogSlate: FSceneViewport::OnFocusLost() reason 0
[2019.06.15-19.22.03:249][526]LogSlate: FSceneViewport::OnFocusLost() reason 0
[2019.06.15-19.22.06:732][727]LogEditorViewport: Clicking on Actor (LMB): StaticMeshActor (SM_Crate02)
[2019.06.15-19.22.08:235][815]LogSlate: FSceneViewport::OnFocusLost() reason 0
[2019.06.15-19.22.13:592][136]LogActorFactory: Actor Factory created sm_GridRoom
[2019.06.15-19.22.14:904][214]LogActorFactory: Actor Factory created sm_GridRoom
[2019.06.15-19.22.17:926][395]LogEditorViewport: Clicking on Actor (LMB): StaticMeshActor (sm_GridRoom)
[2019.06.15-19.22.19:287][474]LogEditorViewport: Clicking on Actor (LMB): StaticMeshActor (sm_GridRoom)
[2019.06.15-19.22.22:067][640]LogEditorViewport: Clicking on Actor (LMB): StaticMeshActor (Floor)
[2019.06.15-19.22.26:078][878]LogSlate: FSceneViewport::OnFocusLost() reason 0
[2019.06.15-19.22.27:777][980]Cmd: DELETE
[2019.06.15-19.22.27:777][980]Cmd: ACTOR DELETE
[2019.06.15-19.22.27:840][980]LogEditorActor: Deleted Actor: StaticMeshActor
[2019.06.15-19.22.27:880][980]LogEditorActor: Deleted 1 Actors (0.065 secs)
[2019.06.15-19.22.32:570][260]LogEditorViewport: Clicking on Actor (LMB): StaticMeshActor (sm_GridRoom)
[2019.06.15-19.22.35:048][403]LogSlate: FSceneViewport::OnFocusLost() reason 0
[2019.06.15-19.22.43:157][885]LogSlate: FSceneViewport::OnFocusLost() reason 0
[2019.06.15-19.22.44:145][943]LogSlate: FSceneViewport::OnFocusLost() reason 2
[2019.06.15-19.22.46:994][113]LogSlate: FSceneViewport::OnFocusLost() reason 0
[2019.06.15-19.22.52:343][431]Cmd: TRANSACTION UNDO
[2019.06.15-19.22.52:343][431]LogEditorTransaction: Undo Move Actors
[2019.06.15-19.22.53:591][505]LogEditorViewport: Clicking on Actor (LMB): bp_oneUnit_C (bp_oneUnit)
[2019.06.15-19.23.01:059][950]LogSlate: FSceneViewport::OnFocusLost() reason 0
[2019.06.15-19.23.10:024][486]LogSlate: FSceneViewport::OnFocusLost() reason 0
[2019.06.15-19.23.29:707][660]LogSlate: FSceneViewport::OnFocusLost() reason 0
[2019.06.15-19.23.37:625][132]LogSlate: FSceneViewport::OnFocusLost() reason 0
[2019.06.15-19.26.38:064][733]BlueprintLog: New page: Compile Pyramid_Blueprint
[2019.06.15-19.26.38:085][733]LogUObjectGlobals: Destroyed PersistentFrame Addr=0x000001d1b6842980, Size=80
[2019.06.15-19.26.38:085][733]LogUObjectGlobals: Created PersistentFrame Addr=0x000001d1b9e08310, Size=80, Default__Pyramid_Blueprint_C Function /Engine/Transient.REINST_Pyramid_Blueprint_C_65:ExecuteUbergraph_Pyramid_Blueprint
[2019.06.15-19.26.38:089][733]LogUObjectGlobals: Created PersistentFrame Addr=0x000001d231d58630, Size=80, Default__Pyramid_Blueprint_C Function /Game/Peter/Pyramid_Blueprint.Pyramid_Blueprint_C:ExecuteUbergraph_Pyramid_Blueprint
[2019.06.15-19.26.39:091][772]Cmd: OBJ SAVEPACKAGE PACKAGE="/Game/Peter/Pyramid_Blueprint" FILE="../../../../../../dev/XR_Brain_Jam_2019/GFC2/GFC2Project/Content/Peter/Pyramid_Blueprint.uasset" SILENT=true
[2019.06.15-19.26.39:138][772]LogSavePackage: Save=36.25ms
[2019.06.15-19.26.39:138][772]LogSavePackage: Moving '../../../../../../dev/XR_Brain_Jam_2019/GFC2/GFC2Project/Saved/Pyramid_Blueprint1BEEC3974BF526EE42E23A9BA03CAD19.tmp' to '../../../../../../dev/XR_Brain_Jam_2019/GFC2/GFC2Project/Content/Peter/Pyramid_Blueprint.uasset'
[2019.06.15-19.26.39:141][772]LogSavePackage: Display: Finished SavePackage ../../../../../../dev/XR_Brain_Jam_2019/GFC2/GFC2Project/Content/Peter/Pyramid_Blueprint.uasset
[2019.06.15-19.26.51:440][506]LogEditorViewport: Clicking on Actor (LMB): bp_oneUnit_C (bp_oneUnit)
[2019.06.15-19.26.58:608][931]LogSlate: FSceneViewport::OnFocusLost() reason 2
[2019.06.15-19.27.04:566][931]LogSlate: Window 'Pasting To Hidden Level' being destroyed
[2019.06.15-19.27.07:780][118]LogEditorViewport: Clicking on Actor (LMB): bp_oneUnit_C (bp_oneUnit)
[2019.06.15-19.27.25:575][183]LogEditorViewport: Clicking on Actor (LMB): bp_oneUnit_C (bp_oneUnit)
[2019.06.15-19.27.27:967][324]LogSlate: FSceneViewport::OnFocusLost() reason 2
[2019.06.15-19.27.32:540][324]LogSlate: Window 'Pasting To Hidden Level' being destroyed
[2019.06.15-19.27.33:799][400]LogEditorViewport: Clicking on Actor (LMB): bp_oneUnit_C (bp_oneUnit)
[2019.06.15-19.27.42:576][922]LogSlate: FSceneViewport::OnFocusLost() reason 2
[2019.06.15-19.27.45:610][922]LogSlate: Window 'Pasting To Hidden Level' being destroyed
[2019.06.15-19.27.58:524][697]LogSlate: FSceneViewport::OnFocusLost() reason 0
[2019.06.15-19.27.59:440][752]LogEditorViewport: Clicking on Actor (LMB): bp_oneUnit_C (bp_oneUnit)
[2019.06.15-19.28.00:609][821]Cmd: DELETE
[2019.06.15-19.28.00:609][821]Cmd: ACTOR DELETE
[2019.06.15-19.28.00:610][821]LogEditorActor: Deleted Actor: bp_oneUnit_C
[2019.06.15-19.28.00:630][821]LogUObjectGlobals: Destroyed PersistentFrame Addr=0x000001d1b9e08310, Size=80
[2019.06.15-19.28.00:631][821]LogEditorActor: Deleted 1 Actors (0.022 secs)
[2019.06.15-19.28.01:588][879]LogSlate: FSceneViewport::OnFocusLost() reason 0
[2019.06.15-19.28.52:335][674]LogSlate: FSceneViewport::OnFocusLost() reason 0
[2019.06.15-19.28.56:570][926]LogAIModule: Creating AISystem for world Test_Level
[2019.06.15-19.29.06:676][926]LogSlate: Window 'Save Content' being destroyed
[2019.06.15-19.29.06:681][926]Cmd: MAP LOAD FILE="../../../../../../dev/XR_Brain_Jam_2019/GFC2/GFC2Project/Content/Peter/Test_Level.umap" TEMPLATE=0 SHOWPROGRESS=1 FEATURELEVEL=3
[2019.06.15-19.29.06:682][926]LightingResults: New page: Lighting Build
[2019.06.15-19.29.06:683][926]LoadErrors: New page: Loading map: Test_Level.umap
[2019.06.15-19.29.06:685][926]MapCheck: New page: Map Check
[2019.06.15-19.29.06:685][926]LightingResults: New page: Lighting Build
[2019.06.15-19.29.06:711][926]LogEditorServer: Finished looking for orphan Actors (0.000 secs)
[2019.06.15-19.29.06:761][926]Cmd: MAP CHECKDEP NOCLEARLOG
[2019.06.15-19.29.06:810][926]MapCheck: Map check complete: 0 Error(s), 0 Warning(s), took 48.108ms to complete.
[2019.06.15-19.29.06:810][926]LogFileHelpers: Loading map 'Test_Level' took 0.130
[2019.06.15-19.29.28:524][226]LogEditorViewport: Clicking on Actor (LMB): StaticMeshActor (frozen_Room)
[2019.06.15-19.29.30:330][332]LogSlate: FSceneViewport::OnFocusLost() reason 0
[2019.06.15-19.29.37:133][736]LogEditorActor: Deleted Actor: StaticMeshActor
[2019.06.15-19.29.37:170][736]LogEditorActor: Deleted 1 Actors (0.040 secs)
[2019.06.15-19.29.39:217][857]Cmd: DELETE
[2019.06.15-19.29.39:217][857]Cmd: ACTOR DELETE
[2019.06.15-19.29.39:218][857]LogEditorActor: Deleted Actor: StaticMeshActor
[2019.06.15-19.29.39:238][857]LogEditorActor: Deleted 1 Actors (0.021 secs)
[2019.06.15-19.29.39:978][902]LogEditorViewport: Clicking on Actor (LMB): StaticMeshActor (frozen_Room)
[2019.06.15-19.29.40:484][930]LogEditorViewport: Clicking on Actor (LMB): StaticMeshActor (Cube)
[2019.06.15-19.29.40:870][951]Cmd: DELETE
[2019.06.15-19.29.40:870][951]Cmd: ACTOR DELETE
[2019.06.15-19.29.40:871][951]LogEditorActor: Deleted Actor: StaticMeshActor
[2019.06.15-19.29.40:894][951]LogEditorActor: Deleted 1 Actors (0.024 secs)
[2019.06.15-19.29.41:273][974]LogEditorViewport: Clicking on Actor (LMB): StaticMeshActor (Cube)
[2019.06.15-19.29.41:406][980]Cmd: DELETE
[2019.06.15-19.29.41:406][980]Cmd: ACTOR DELETE
[2019.06.15-19.29.41:408][980]LogEditorActor: Deleted Actor: StaticMeshActor
[2019.06.15-19.29.41:441][980]LogEditorActor: Deleted 1 Actors (0.034 secs)
[2019.06.15-19.29.42:032][ 16]LogEditorViewport: Clicking on Actor (LMB): StaticMeshActor (Cube)
[2019.06.15-19.29.42:152][ 21]Cmd: DELETE
[2019.06.15-19.29.42:152][ 21]Cmd: ACTOR DELETE
[2019.06.15-19.29.42:153][ 21]LogEditorActor: Deleted Actor: StaticMeshActor
[2019.06.15-19.29.42:174][ 21]LogEditorActor: Deleted 1 Actors (0.022 secs)
[2019.06.15-19.29.42:799][ 59]LogEditorViewport: Clicking on Actor (LMB): Pyramid_Blueprint_C (Pyramid_Blueprint)
[2019.06.15-19.29.42:903][ 63]Cmd: DELETE
[2019.06.15-19.29.42:903][ 63]Cmd: ACTOR DELETE
[2019.06.15-19.29.42:905][ 63]LogEditorActor: Deleted Actor: Pyramid_Blueprint_C
[2019.06.15-19.29.42:940][ 63]LogEditorActor: Deleted 1 Actors (0.037 secs)
[2019.06.15-19.29.43:315][ 86]LogEditorViewport: Clicking on Actor (LMB): Cube_Blueprint_C (Cube_Blueprint)
[2019.06.15-19.29.43:368][ 87]Cmd: DELETE
[2019.06.15-19.29.43:368][ 87]Cmd: ACTOR DELETE
[2019.06.15-19.29.43:370][ 87]LogEditorActor: Deleted Actor: Cube_Blueprint_C
[2019.06.15-19.29.43:391][ 87]LogEditorActor: Deleted 1 Actors (0.023 secs)
[2019.06.15-19.29.45:454][211]LogSlate: FSceneViewport::OnFocusLost() reason 0
[2019.06.15-19.29.48:446][390]LogEditorViewport: Clicking on Actor (LMB): StaticMeshActor (Cube)
[2019.06.15-19.29.48:551][394]Cmd: DELETE
[2019.06.15-19.29.48:551][394]Cmd: ACTOR DELETE
[2019.06.15-19.29.48:552][394]LogEditorActor: Deleted Actor: StaticMeshActor
[2019.06.15-19.29.48:573][394]LogEditorActor: Deleted 1 Actors (0.022 secs)
[2019.06.15-19.29.49:118][427]LogEditorViewport: Clicking on Actor (LMB): StaticMeshActor (Cube)
[2019.06.15-19.29.49:252][433]Cmd: DELETE
[2019.06.15-19.29.49:252][433]Cmd: ACTOR DELETE
[2019.06.15-19.29.49:253][433]LogEditorActor: Deleted Actor: StaticMeshActor
[2019.06.15-19.29.49:274][433]LogEditorActor: Deleted 1 Actors (0.021 secs)
[2019.06.15-19.29.49:684][458]LogEditorViewport: Clicking on Actor (LMB): StaticMeshActor (Cube)
[2019.06.15-19.29.49:786][462]Cmd: DELETE
[2019.06.15-19.29.49:786][462]Cmd: ACTOR DELETE
[2019.06.15-19.29.49:787][462]LogEditorActor: Deleted Actor: StaticMeshActor
[2019.06.15-19.29.49:808][462]LogEditorActor: Deleted 1 Actors (0.021 secs)
[2019.06.15-19.29.51:331][554]LogEditorViewport: Clicking on Actor (LMB): StaticMeshActor (Cube)
[2019.06.15-19.29.51:615][569]Cmd: DELETE
[2019.06.15-19.29.51:615][569]Cmd: ACTOR DELETE
[2019.06.15-19.29.51:616][569]LogEditorActor: Deleted Actor: StaticMeshActor
[2019.06.15-19.29.51:636][569]LogEditorActor: Deleted 1 Actors (0.021 secs)
[2019.06.15-19.29.51:909][586]LogEditorViewport: Clicking on Actor (LMB): StaticMeshActor (Cube)
[2019.06.15-19.29.51:979][588]Cmd: DELETE
[2019.06.15-19.29.51:979][588]Cmd: ACTOR DELETE
[2019.06.15-19.29.51:980][588]LogEditorActor: Deleted Actor: StaticMeshActor
[2019.06.15-19.29.52:000][588]LogEditorActor: Deleted 1 Actors (0.021 secs)
[2019.06.15-19.29.52:356][610]LogEditorViewport: Clicking on Actor (LMB): StaticMeshActor (Cube)
[2019.06.15-19.29.52:441][613]Cmd: DELETE
[2019.06.15-19.29.52:441][613]Cmd: ACTOR DELETE
[2019.06.15-19.29.52:442][613]LogEditorActor: Deleted Actor: StaticMeshActor
[2019.06.15-19.29.52:465][613]LogEditorActor: Deleted 1 Actors (0.023 secs)
[2019.06.15-19.29.52:976][644]LogEditorViewport: Clicking on Actor (LMB): StaticMeshActor (Cube)
[2019.06.15-19.29.53:061][647]Cmd: DELETE
[2019.06.15-19.29.53:061][647]Cmd: ACTOR DELETE
[2019.06.15-19.29.53:062][647]LogEditorActor: Deleted Actor: StaticMeshActor
[2019.06.15-19.29.53:083][647]LogEditorActor: Deleted 1 Actors (0.022 secs)
[2019.06.15-19.29.55:393][786]LogEditorViewport: Clicking on Actor (LMB): StaticMeshActor (Cube)
[2019.06.15-19.29.55:511][791]Cmd: DELETE
[2019.06.15-19.29.55:511][791]Cmd: ACTOR DELETE
[2019.06.15-19.29.55:512][791]LogEditorActor: Deleted Actor: StaticMeshActor
[2019.06.15-19.29.55:532][791]LogEditorActor: Deleted 1 Actors (0.021 secs)
[2019.06.15-19.29.58:641][978]LogSlate: FSceneViewport::OnFocusLost() reason 0
[2019.06.15-19.30.07:068][460]LogSlate: FSceneViewport::OnFocusLost() reason 0
[2019.06.15-19.30.07:919][511]LogEditorActor: Deleted Actor: StaticMeshActor
[2019.06.15-19.30.07:943][511]LogEditorActor: Deleted 1 Actors (0.025 secs)
[2019.06.15-19.30.11:008][695]LogEditorViewport: Clicking on Actor (LMB): BP_Sky_Sphere_C (Sky Sphere)
[2019.06.15-19.30.11:601][729]LogEditorViewport: Clicking on Actor (LMB): BP_Sky_Sphere_C (Sky Sphere)
[2019.06.15-19.30.16:687][ 33]LogSlate: FSceneViewport::OnFocusLost() reason 0
[2019.06.15-19.30.23:362][428]LogActorFactory: Actor Factory created sm_GridRoom
[2019.06.15-19.30.24:015][467]LogActorFactory: Actor Factory created sm_GridRoom
[2019.06.15-19.30.28:387][726]LogSlate: FSceneViewport::OnFocusLost() reason 0
[2019.06.15-19.30.30:201][835]Cmd: POLY SELECT MEMORY RECALL
[2019.06.15-19.30.46:198][788]LogSlate: FSceneViewport::OnFocusLost() reason 0
[2019.06.15-19.30.51:125][ 81]LogSlate: FSceneViewport::OnFocusLost() reason 0
[2019.06.15-19.31.11:859][317]LogSlate: FSceneViewport::OnFocusLost() reason 0
[2019.06.15-19.31.31:088][469]LogSlate: FSceneViewport::OnFocusLost() reason 0
[2019.06.15-19.32.06:935][601]LogEditorViewport: Clicking on Actor (LMB): StaticMeshActor (Grid Room)
[2019.06.15-19.32.08:304][680]LogSlate: FSceneViewport::OnFocusLost() reason 0
[2019.06.15-19.32.08:946][713]Cmd: OBJ SAVEPACKAGE PACKAGE="/Game/Peter/Test_Level" FILE="../../../../../../dev/XR_Brain_Jam_2019/GFC2/GFC2Project/Content/Peter/Test_Level.umap" SILENT=true AUTOSAVING=false KEEPDIRTY=false
[2019.06.15-19.32.09:008][713]LogSavePackage: Save=29.82ms
[2019.06.15-19.32.09:008][713]LogSavePackage: Moving '../../../../../../dev/XR_Brain_Jam_2019/GFC2/GFC2Project/Saved/Test_Level8054DBFA453AF14AC6C4E38AC64BA3B4.tmp' to '../../../../../../dev/XR_Brain_Jam_2019/GFC2/GFC2Project/Content/Peter/Test_Level.umap'
[2019.06.15-19.32.09:012][713]LogSavePackage: Display: Finished SavePackage ../../../../../../dev/XR_Brain_Jam_2019/GFC2/GFC2Project/Content/Peter/Test_Level.umap
[2019.06.15-19.33.39:157][978]LogEditorViewport: Clicking on Actor (LMB): bp_oneUnit_C (bp_oneUnit10)
[2019.06.15-19.33.43:902][255]LogEditorViewport: Clicking on Actor (LMB): bp_oneUnit_C (bp_oneUnit11)
[2019.06.15-19.33.45:453][343]LogEditorViewport: Clicking on Actor (LMB): bp_oneUnit_C (bp_oneUnit10)
[2019.06.15-19.33.47:846][484]LogEditorViewport: Clicking on Actor (LMB): bp_oneUnit_C (bp_oneUnit9)
[2019.06.15-19.33.49:731][592]LogEditorViewport: Clicking on Actor (LMB): bp_oneUnit_C (bp_oneUnit8)
[2019.06.15-19.34.14:508][ 39]LogEditorViewport: Clicking on Actor (LMB): bp_oneUnit_C (bp_oneUnit29)
[2019.06.15-19.34.15:610][103]LogSlate: FSceneViewport::OnFocusLost() reason 2
[2019.06.15-19.34.15:722][103]Cmd: OBJ SAVEPACKAGE PACKAGE="/Game/Peter/Test_Level" FILE="../../../../../../dev/XR_Brain_Jam_2019/GFC2/GFC2Project/Content/Peter/Test_Level.umap" SILENT=true AUTOSAVING=false KEEPDIRTY=false
[2019.06.15-19.34.15:807][103]LogSavePackage: Save=52.47ms
[2019.06.15-19.34.15:807][103]LogSavePackage: Moving '../../../../../../dev/XR_Brain_Jam_2019/GFC2/GFC2Project/Saved/Test_Level14C9E52A493CB14F93E23F9D1C216003.tmp' to '../../../../../../dev/XR_Brain_Jam_2019/GFC2/GFC2Project/Content/Peter/Test_Level.umap'
[2019.06.15-19.34.15:811][103]LogSavePackage: Display: Finished SavePackage ../../../../../../dev/XR_Brain_Jam_2019/GFC2/GFC2Project/Content/Peter/Test_Level.umap
[2019.06.15-19.34.34:363][791]SourceControl: fatal: D:/Program Files/Epic Games/UE_4.19/Engine/Content: 'D:/Program Files/Epic Games/UE_4.19/Engine/Content' is outside repository
[2019.06.15-19.34.44:218][791]LogSlate: Window 'Submit Files' being destroyed
[2019.06.15-19.34.44:836][791]LogSourceControl: commit successful: [master 256f587] Working on grid system.
[2019.06.15-19.34.44:891][791]SourceControl: [master 256f587] Working on grid system.
[2019.06.15-19.34.44:891][791]SourceControl:  3 files changed, 0 insertions(+), 0 deletions(-)
[2019.06.15-19.34.44:891][791]SourceControl:  create mode 100644 GFC2/GFC2Project/Content/Peter/Cube_Blueprint.uasset
[2019.06.15-19.34.44:891][791]SourceControl:  rewrite GFC2/GFC2Project/Content/Peter/Pyramid_Blueprint.uasset (93%)
[2019.06.15-19.34.44:891][791]SourceControl:  rewrite GFC2/GFC2Project/Content/Peter/Test_Level.umap (95%)
[2019.06.15-19.34.44:899][791]SourceControl: Commited [master 256f587] Working on grid system..
